Log file open, 10/18/17 13:54:06
LogWindows: Failed to load 'aqProf.dll' (GetLastError=126)
LogWindows: File 'aqProf.dll' does not exist
LogWindows: Failed to load 'VtuneApi.dll' (GetLastError=126)
LogWindows: File 'VtuneApi.dll' does not exist
LogWindows: Failed to load 'VtuneApi32e.dll' (GetLastError=126)
LogWindows: File 'VtuneApi32e.dll' does not exist
LogInit: Display: Running engine for game: UnrealInteractive
LogPlatformFile: Not using cached read wrapper
LogInit: Display: RandInit(-424992890) SRandInit(-424992890).
LogTaskGraph: Started task graph with 5 named threads and 50 total threads with 3 sets of task threads.
LogStats: Stats thread started at 0.550488
LogD3D11RHI: Aftermath initialized
LogPluginManager: Mounting plugin Paper2D
LogPluginManager: Mounting plugin LightPropagationVolume
LogPluginManager: Mounting plugin CodeLiteSourceCodeAccess
LogPluginManager: Mounting plugin GitSourceControl
LogPluginManager: Mounting plugin KDevelopSourceCodeAccess
LogPluginManager: Mounting plugin NullSourceCodeAccess
LogPluginManager: Mounting plugin PerforceSourceControl
LogPluginManager: Mounting plugin SubversionSourceControl
LogPluginManager: Mounting plugin UObjectPlugin
LogPluginManager: Mounting plugin VisualStudioSourceCodeAccess
LogPluginManager: Mounting plugin XCodeSourceCodeAccess
LogPluginManager: Mounting plugin AssetManagerEditor
LogPluginManager: Mounting plugin AudioCapture
LogPluginManager: Mounting plugin FacialAnimation
LogPluginManager: Mounting plugin GameplayTagsEditor
LogPluginManager: Mounting plugin MobileLauncherProfileWizard
LogPluginManager: Mounting plugin PluginBrowser
LogPluginManager: Mounting plugin SpeedTreeImporter
LogPluginManager: Mounting plugin AlembicImporter
LogPluginManager: Mounting plugin CharacterAI
LogPluginManager: Mounting plugin HTML5Networking
LogPluginManager: Mounting plugin AndroidMedia
LogPluginManager: Mounting plugin AvfMedia
LogPluginManager: Mounting plugin MediaPlayerEditor
LogPluginManager: Mounting plugin WmfMedia
LogPluginManager: Mounting plugin TcpMessaging
LogPluginManager: Mounting plugin UdpMessaging
LogPluginManager: Mounting plugin LevelSequenceEditor
LogPluginManager: Mounting plugin MatineeToLevelSequence
LogPluginManager: Mounting plugin OnlineSubsystemGooglePlay
LogPluginManager: Mounting plugin OnlineSubsystemIOS
LogPluginManager: Mounting plugin OnlineSubsystem
LogPluginManager: Mounting plugin OnlineSubsystemNull
LogPluginManager: Mounting plugin OnlineSubsystemUtils
LogPluginManager: Mounting plugin AndroidDeviceProfileSelector
LogPluginManager: Mounting plugin AndroidMoviePlayer
LogPluginManager: Mounting plugin AndroidPermission
LogPluginManager: Mounting plugin AppleMoviePlayer
LogPluginManager: Mounting plugin ArchVisCharacter
LogPluginManager: Mounting plugin CableComponent
LogPluginManager: Mounting plugin CustomMeshComponent
LogPluginManager: Mounting plugin ExampleDeviceProfileSelector
LogPluginManager: Mounting plugin GoogleCloudMessaging
LogPluginManager: Mounting plugin ImmediatePhysics
LogPluginManager: Mounting plugin IOSDeviceProfileSelector
LogPluginManager: Mounting plugin LinuxDeviceProfileSelector
LogPluginManager: Mounting plugin LocationServicesBPLibrary
LogPluginManager: Mounting plugin MobilePatchingUtils
LogPluginManager: Mounting plugin OculusVR
LogPluginManager: Mounting plugin PhysXVehicles
LogPluginManager: Mounting plugin ProceduralMeshComponent
LogPluginManager: Mounting plugin RuntimePhysXCooking
LogPluginManager: Mounting plugin SteamVR
LogPluginManager: Mounting plugin WindowsMoviePlayer
LogInit: Using libcurl 7.47.1
LogInit:  - built for x86_64-pc-win32
LogInit:  - supports SSL with OpenSSL/1.0.2g
LogInit:  - supports HTTP deflate (compression) using libz 1.2.8
LogInit:  - other features:
LogInit:      CURL_VERSION_SSL
LogInit:      CURL_VERSION_LIBZ
LogInit:      CURL_VERSION_IPV6
LogInit:      CURL_VERSION_ASYNCHDNS
LogInit:      CURL_VERSION_LARGEFILE
LogInit:      CURL_VERSION_IDN
LogInit:  CurlRequestOptions (configurable via config and command line):
LogInit:  - bVerifyPeer = false  - Libcurl will NOT verify peer certificate
LogInit:  - bUseHttpProxy = false  - Libcurl will NOT use HTTP proxy
LogInit:  - bDontReuseConnections = false  - Libcurl will reuse connections
LogInit:  - CertBundlePath = nullptr  - Libcurl will use whatever was configured at build time.
LogInit: Build: ++UE4+Release-4.17-CL-3658906
LogInit: Engine Version: 4.17.2-3658906+++UE4+Release-4.17
LogInit: Compatible Engine Version: 4.17.0-3573198+++UE4+Release-4.17
LogInit: Net CL: 3573198
LogDevObjectVersion: Number of dev versions registered: 16
LogDevObjectVersion:   Dev-Blueprints (B0D832E4-1F89-4F0D-ACCF-7EB736FD4AA2): 10
LogDevObjectVersion:   Dev-Build (E1C64328-A22C-4D53-A36C-8E866417BD8C): 0
LogDevObjectVersion:   Dev-Core (375EC13C-06E4-48FB-B500-84F0262A717E): 2
LogDevObjectVersion:   Dev-Editor (E4B068ED-F494-42E9-A231-DA0B2E46BB41): 20
LogDevObjectVersion:   Dev-Framework (CFFC743F-43B0-4480-9391-14DF171D2073): 28
LogDevObjectVersion:   Dev-Mobile (B02B49B5-BB20-44E9-A304-32B752E40360): 0
LogDevObjectVersion:   Dev-Networking (A4E4105C-59A1-49B5-A7C5-40C4547EDFEE): 0
LogDevObjectVersion:   Dev-Online (39C831C9-5AE6-47DC-9A44-9C173E1C8E7C): 0
LogDevObjectVersion:   Dev-Physics (78F01B33-EBEA-4F98-B9B4-84EACCB95AA2): 0
LogDevObjectVersion:   Dev-Platform (6631380F-2D4D-43E0-8009-CF276956A95A): 0
LogDevObjectVersion:   Dev-Rendering (12F88B9F-8875-4AFC-A67C-D90C383ABD29): 19
LogDevObjectVersion:   Dev-Sequencer (7B5AE74C-D270-4C10-A958-57980B212A5A): 4
LogDevObjectVersion:   Dev-VR (D7296918-1DD6-4BDD-9DE2-64A83CC13884): 0
LogDevObjectVersion:   Dev-LoadTimes (C2A15278-BFE7-4AFE-6C17-90FF531DF755): 1
LogDevObjectVersion:   Private-Geometry (6EACA3D4-40EC-4CC1-B786-8BED09428FC5): 1
LogDevObjectVersion:   Dev-AnimPhys (29E575DD-E0A3-4627-9D10-D276232CDCEA): 7
LogInit: Compiled (64-bit): Sep 22 2017 13:47:16
LogInit: Compiled with Visual C++: 19.00.24215.01
LogInit: Build Configuration: Development
LogInit: Branch Name: ++UE4+Release-4.17
LogInit: Command line: -EpicPortal 
LogInit: Base directory: Q:/UE_4.17/Engine/Binaries/Win64/
LogInit: Installed Engine Build: 1
LogInit: Presizing for max 8388607 objects, including 0 objects not considered by GC, pre-allocating 0 bytes for permanent pool.
LogInit: Object subsystem initialized
[2017.10.18-17.54.07:833][  0]LogInit: Selected Device Profile: [Windows]
[2017.10.18-17.54.07:834][  0]LogInit: Applying CVar settings loaded from the selected device profile: [Windows]
[2017.10.18-17.54.07:853][  0]LogInit: Computer: A-C613-12
[2017.10.18-17.54.07:853][  0]LogInit: User: MITCHELLCOOPER
[2017.10.18-17.54.07:853][  0]LogInit: CPU Page size=4096, Cores=16
[2017.10.18-17.54.07:853][  0]LogInit: High frequency timer resolution =2.533251 MHz
[2017.10.18-17.54.07:854][  0]LogMemory: Memory total: Physical=31.9GB (32GB approx)
[2017.10.18-17.54.07:854][  0]LogMemory: Platform Memory Stats for Windows
[2017.10.18-17.54.07:854][  0]LogMemory: Process Physical Memory: 295.33 MB used, 295.33 MB peak
[2017.10.18-17.54.07:854][  0]LogMemory: Process Virtual Memory: 294.73 MB used, 294.73 MB peak
[2017.10.18-17.54.07:854][  0]LogMemory: Physical Memory: 10881.42 MB used,  21794.02 MB free, 32675.45 MB total
[2017.10.18-17.54.07:854][  0]LogMemory: Virtual Memory: 695.66 MB used,  21794.02 MB free, 8388608.00 MB total
[2017.10.18-17.54.08:007][  0]LogInit: Using OS detected language (en-US).
[2017.10.18-17.54.08:007][  0]LogInit: Using OS detected locale (en-US).
[2017.10.18-17.54.08:011][  0]LogTextLocalizationManager: No specific localization for 'en-US' exists, so the 'en' localization will be used.
[2017.10.18-17.54.08:881][  0]LogD3D11RHI: D3D11 adapters:
[2017.10.18-17.54.08:900][  0]LogD3D11RHI:    0. 'NVIDIA Quadro K2200 ' (Feature Level 11_0)
[2017.10.18-17.54.08:900][  0]LogD3D11RHI:       4015/0/16081 MB DedicatedVideo/DedicatedSystem/SharedSystem, Outputs:1, VendorId:0x10de
[2017.10.18-17.54.08:900][  0]LogD3D11RHI: Chosen D3D11 Adapter: 0
[2017.10.18-17.54.08:973][  0]LogD3D11RHI: Creating new Direct3DDevice
[2017.10.18-17.54.08:973][  0]LogD3D11RHI:     GPU DeviceId: 0x13ba (for the marketing name, search the web for "GPU Device Id")
[2017.10.18-17.54.08:973][  0]LogWindows: EnumDisplayDevices:
[2017.10.18-17.54.08:973][  0]LogWindows:    0. 'NVIDIA Quadro K2200 ' (P:1 D:1)
[2017.10.18-17.54.08:974][  0]LogWindows:    1. 'NVIDIA Quadro K2200 ' (P:0 D:0)
[2017.10.18-17.54.08:974][  0]LogWindows:    2. 'NVIDIA Quadro K2200 ' (P:0 D:0)
[2017.10.18-17.54.08:974][  0]LogWindows:    3. 'NVIDIA Quadro K2200 ' (P:0 D:0)
[2017.10.18-17.54.08:974][  0]LogWindows:    4. 'RDPDD Chained DD' (P:0 D:0)
[2017.10.18-17.54.08:975][  0]LogWindows:    5. 'RDP Encoder Mirror Driver' (P:0 D:0)
[2017.10.18-17.54.08:975][  0]LogWindows:    6. 'RDP Reflector Display Driver' (P:0 D:0)
[2017.10.18-17.54.08:975][  0]LogWindows: DebugString: GetVideoDriverDetailsInvalid PrimaryIsNotTheChoosenAdapter GetVideoDriverDetailsInvalid PrimaryIsNotTheChoosenAdapter GetVideoDriverDetailsInvalid PrimaryIsNotTheChoosenAdapter FoundDriverCount:4 
[2017.10.18-17.54.08:975][  0]LogD3D11RHI:     Adapter Name: NVIDIA Quadro K2200 
[2017.10.18-17.54.08:975][  0]LogD3D11RHI:   Driver Version: 340.52 (internal:9.18.13.4052, unified:340.52)
[2017.10.18-17.54.08:975][  0]LogD3D11RHI:      Driver Date: 7-2-2014
[2017.10.18-17.54.08:975][  0]LogRHI: Texture pool is 1361 MB (70% of 1945 MB)
[2017.10.18-17.54.08:991][  0]LogD3D11RHI: NvAPI_D3D_GetCurrentSLIState failed: 0xfffffff7
[2017.10.18-17.54.08:991][  0]LogD3D11RHI: Async texture creation enabled
[2017.10.18-17.54.09:011][  0]LogD3D11RHI: GPU Timing Frequency: 1000.000000 (Debug: 2 2)
[2017.10.18-17.54.10:972][  0]LogShaderCompilers: Guid format shader working directory is 6 characters bigger than the processId version (../../../../Unreal-Interactive/UnrealInteractive/Intermediate/Shaders/WorkingDirectory/369856/).
[2017.10.18-17.54.10:973][  0]LogShaderCompilers: Cleaned the shader compiler working directory 'C:/Users/MITCHELL_COOPER/AppData/Local/Temp/UnrealShaderWorkingDir/314A8C7F48A1AB83B6381EAE792523D7/'.
[2017.10.18-17.54.10:973][  0]LogShaderCompilers: Display: Using Local Shader Compiler.
[2017.10.18-17.54.12:131][  0]LogTemp: Display: Loaded TP AllDesktopTargetPlatform
[2017.10.18-17.54.12:193][  0]LogTemp: Display: Loaded TP MacClientTargetPlatform
[2017.10.18-17.54.12:255][  0]LogTemp: Display: Loaded TP MacNoEditorTargetPlatform
[2017.10.18-17.54.12:304][  0]LogTemp: Display: Loaded TP MacServerTargetPlatform
[2017.10.18-17.54.12:351][  0]LogTemp: Display: Loaded TP MacTargetPlatform
[2017.10.18-17.54.12:399][  0]LogTemp: Display: Loaded TP WindowsClientTargetPlatform
[2017.10.18-17.54.12:446][  0]LogTemp: Display: Loaded TP WindowsNoEditorTargetPlatform
[2017.10.18-17.54.12:493][  0]LogTemp: Display: Loaded TP WindowsServerTargetPlatform
[2017.10.18-17.54.12:531][  0]LogTemp: Display: Loaded TP WindowsTargetPlatform
[2017.10.18-17.54.12:574][  0]LogTemp: Display: Loaded TP AndroidTargetPlatform
[2017.10.18-17.54.12:613][  0]LogTemp: Display: Loaded TP Android_ASTCTargetPlatform
[2017.10.18-17.54.12:652][  0]LogTemp: Display: Loaded TP Android_ATCTargetPlatform
[2017.10.18-17.54.12:691][  0]LogTemp: Display: Loaded TP Android_DXTTargetPlatform
[2017.10.18-17.54.12:729][  0]LogTemp: Display: Loaded TP Android_ETC1TargetPlatform
[2017.10.18-17.54.12:769][  0]LogTemp: Display: Loaded TP Android_ETC2TargetPlatform
[2017.10.18-17.54.12:849][  0]LogTemp: Display: Loaded TP Android_MultiTargetPlatform
[2017.10.18-17.54.12:849][  0]LogTemp: Display: Loaded TP Android_PVRTCTargetPlatform
[2017.10.18-17.54.12:876][  0]LogTemp: Display: Loaded TP HTML5TargetPlatform
[2017.10.18-17.54.12:947][  0]LogTemp: Display: Loaded TP IOSTargetPlatform
[2017.10.18-17.54.13:001][  0]LogTemp: Display: Loaded TP TVOSTargetPlatform
[2017.10.18-17.54.13:059][  0]LogTemp: Display: Loaded TP LinuxClientTargetPlatform
[2017.10.18-17.54.13:106][  0]LogTemp: Display: Loaded TP LinuxNoEditorTargetPlatform
[2017.10.18-17.54.13:151][  0]LogTemp: Display: Loaded TP LinuxServerTargetPlatform
[2017.10.18-17.54.13:197][  0]LogTemp: Display: Loaded TP LinuxTargetPlatform
[2017.10.18-17.54.13:197][  0]LogTargetPlatformManager: Display: Building Assets For Windows
[2017.10.18-17.54.13:610][  0]LogDerivedDataCache: Display: Max Cache Size: 512 MB
[2017.10.18-17.54.13:821][  0]LogDerivedDataCache: Loaded boot cache 0.21s 93MB C:/Users/MITCHELL_COOPER/AppData/Local/UnrealEngine/4.17/DerivedDataCache/Boot.ddc.
[2017.10.18-17.54.13:821][  0]LogDerivedDataCache: Display: Loaded Boot cache: C:/Users/MITCHELL_COOPER/AppData/Local/UnrealEngine/4.17/DerivedDataCache/Boot.ddc
[2017.10.18-17.54.13:821][  0]LogDerivedDataCache: FDerivedDataBackendGraph:  Pak pak cache file ../../../../Unreal-Interactive/UnrealInteractive/DerivedDataCache/DDC.ddp not found, will not use a pak cache.
[2017.10.18-17.54.13:821][  0]LogDerivedDataCache: Unable to find inner node Pak for hierarchical cache Hierarchy.
[2017.10.18-17.54.13:822][  0]LogDerivedDataCache: FDerivedDataBackendGraph:  CompressedPak pak cache file ../../../../Unreal-Interactive/UnrealInteractive/DerivedDataCache/Compressed.ddp not found, will not use a pak cache.
[2017.10.18-17.54.13:822][  0]LogDerivedDataCache: Unable to find inner node CompressedPak for hierarchical cache Hierarchy.
[2017.10.18-17.54.13:847][  0]LogDerivedDataCache: Display: Pak cache opened for reading ../../../Engine/DerivedDataCache/Compressed.ddp.
[2017.10.18-17.54.13:860][  0]LogDerivedDataCache: Using Local data cache path C:/Users/MITCHELL_COOPER/AppData/Local/UnrealEngine/Common/DerivedDataCache: Writable
[2017.10.18-17.54.13:889][  0]LogMaterial: Verifying Global Shaders for PCD3D_SM5
[2017.10.18-17.54.13:890][  0]LogSlate: Using Freetype 2.6.0
[2017.10.18-17.54.13:892][  0]LogSlate: SlateFontCache - WITH_FREETYPE: 1, WITH_HARFBUZZ: 1
[2017.10.18-17.54.13:892][  0]LogSlate: SlateFontCache - WITH_FREETYPE: 1, WITH_HARFBUZZ: 1
[2017.10.18-17.54.14:363][  0]LogAssetRegistry: FAssetRegistry took 0.0271 seconds to start up
[2017.10.18-17.54.14:651][  0]LogInit: Selected Device Profile: [Windows]
[2017.10.18-17.54.14:657][  0]LogContentStreaming: Texture pool size is 0.00 MB
[2017.10.18-17.54.15:175][  0]LogSimplygon: Simplygon DLL not present - disabling.
[2017.10.18-17.54.15:211][  0]LogMeshReduction: Using SimplygonSwarm for distributed automatic mesh merging
[2017.10.18-17.54.15:211][  0]LogMeshReduction: Using QuadricMeshReduction for automatic static mesh reduction
[2017.10.18-17.54.15:211][  0]LogMeshReduction: No automatic skeletal mesh reduction module available
[2017.10.18-17.54.15:211][  0]LogMeshReduction: No automatic mesh merging module available
[2017.10.18-17.54.15:211][  0]LogMeshMerging: No automatic mesh merging module available
[2017.10.18-17.54.16:158][  0]LogNetVersion: UnrealInteractive , NetCL: 3573198, EngineNetVer: 2, GameNetVer: 0 (Checksum: 262346498)
[2017.10.18-17.54.16:421][  0]LogPackageLocalizationCache: Processed 5 localized package path(s) for 2 prioritized culture(s) in 0.041532 seconds
[2017.10.18-17.54.16:429][  0]LogUObjectArray: 35825 objects as part of root set at end of initial load.
[2017.10.18-17.54.16:429][  0]LogUObjectAllocator: 7529112 out of 0 bytes used by permanent object pool.
[2017.10.18-17.54.16:429][  0]LogUObjectArray: CloseDisregardForGC: 0/0 objects in disregard for GC pool
[2017.10.18-17.54.16:467][  0]LogInit: WinSock: version 1.1 (2.2), MaxSocks=32767, MaxUdp=65467
[2017.10.18-17.54.19:629][  0]LogTcpMessaging: Initializing TcpMessaging bridge
[2017.10.18-17.54.19:659][  0]LogUdpMessaging: Initializing bridge on interface 0.0.0.0:0 to multicast group 230.0.0.1:6666.
[2017.10.18-17.54.20:350][  0]LogMaterial: Uniform references updated for custom material expression Custom.
[2017.10.18-17.54.20:817][  0]SourceControl: Source control is disabled
[2017.10.18-17.54.20:818][  0]SourceControl: Source control is disabled
[2017.10.18-17.54.20:879][  0]SourceControl: Source control is disabled
[2017.10.18-17.54.20:920][  0]SourceControl: Source control is disabled
[2017.10.18-17.54.21:372][  0]LogAndroidPermission: UAndroidPermissionCallbackProxy::GetInstance
[2017.10.18-17.54.21:546][  0]LogOcInput: OculusInput pre-init called
[2017.10.18-17.54.21:744][  0]LogEngine: Initializing Engine...
[2017.10.18-17.54.21:746][  0]LogHMD: Failed to initialize OpenVR with code 110
[2017.10.18-17.54.22:130][  0]LogStats: UGameplayTagsManager::ConstructGameplayTagTree: Construct from data asset -  0.000 s
[2017.10.18-17.54.22:130][  0]LogStats: UGameplayTagsManager::ConstructGameplayTagTree: GameplayTagTreeChangedEvent.Broadcast -  0.000 s
[2017.10.18-17.54.22:517][  0]LogAIModule: Creating AISystem for world Untitled
[2017.10.18-17.54.22:536][  0]LogInit: XAudio2 using 'Speakers (Realtek High Definition Audio)' : 2 channels at 48 kHz using 32 bits per sample (channel mask 0x3)
[2017.10.18-17.54.22:559][  0]LogInit: FAudioDevice initialized.
[2017.10.18-17.54.22:761][  0]LogDerivedDataCache: Saved boot cache 0.20s 93MB C:/Users/MITCHELL_COOPER/AppData/Local/UnrealEngine/4.17/DerivedDataCache/Boot.ddc.
[2017.10.18-17.54.22:794][  0]LogInit: Texture streaming: Enabled
[2017.10.18-17.54.22:865][  0]LogEngineSessionManager: EngineSessionManager initialized
[2017.10.18-17.54.23:083][  0]LogInit: Transaction tracking system initialized
[2017.10.18-17.54.23:399][  0]BlueprintLog: New page: Editor Load
[2017.10.18-17.54.24:178][  0]LocalizationService: Localization service is disabled
[2017.10.18-17.54.24:861][  0]LogConsoleResponse: Display: 
[2017.10.18-17.54.25:089][  0]LogCook: Display: Max memory allowance for cook 16384mb min free memory 0mb
[2017.10.18-17.54.25:089][  0]LogCook: Display: Mobile HDR setting 1
[2017.10.18-17.54.25:090][  0]LogGameplayTags: Display: UGameplayTagsManager::DoneAddingNativeTags. DelegateIsBound: 0
[2017.10.18-17.54.25:949][  0]LogFileCache: Scanning file cache for directory 'Q:/Unreal-Interactive/UnrealInteractive/Content/' took 0.02s
[2017.10.18-17.54.26:007][  0]SourceControl: Source control is disabled
[2017.10.18-17.54.26:007][  0]Cmd: MAP LOAD FILE="../../../../Unreal-Interactive/UnrealInteractive/Content/StarterContent/Maps/Minimal_Default.umap" TEMPLATE=0 SHOWPROGRESS=1 FEATURELEVEL=3
[2017.10.18-17.54.26:008][  0]LightingResults: New page: Lighting Build
[2017.10.18-17.54.26:043][  0]MapCheck: New page: Map Check
[2017.10.18-17.54.26:043][  0]LightingResults: New page: Lighting Build
[2017.10.18-17.54.26:552][  0]LogTexture: Display: Building textures: HQ_Lightmap0_2 (AutoDXT, 64X64)
[2017.10.18-17.54.26:552][  0]LogTexture: Display: Building textures: LQ_Lightmap_0_2 (DXT1, 64X64)
[2017.10.18-17.54.26:552][  0]LogTexture: Display: Building textures: LQ_Lightmap_0_1 (DXT1, 512X512)
[2017.10.18-17.54.26:552][  0]LogTexture: Display: Building textures: HQ_Lightmap0_1 (AutoDXT, 512X512)
[2017.10.18-17.54.26:658][  0]LogAIModule: Creating AISystem for world Minimal_Default
[2017.10.18-17.54.26:740][  0]LogEditorServer: Finished looking for orphan Actors (0.000 secs)
[2017.10.18-17.54.26:797][  0]Cmd: MAP CHECKDEP NOCLEARLOG
[2017.10.18-17.54.26:862][  0]MapCheck: Map check complete: 0 Error(s), 0 Warning(s), took 64.215ms to complete.
[2017.10.18-17.54.26:862][  0]LogFileHelpers: Loading map 'Minimal_Default' took 0.855
[2017.10.18-17.54.27:153][  0]LogCollectionManager: Loaded 0 collections in 0.001242 seconds
[2017.10.18-17.54.27:232][  0]LogFileCache: Scanning file cache for directory 'Q:/Unreal-Interactive/UnrealInteractive/Saved/Collections/' took 0.01s
[2017.10.18-17.54.27:233][  0]LogFileCache: Scanning file cache for directory 'Q:/Unreal-Interactive/UnrealInteractive/Content/Developers/MITCHELLCOOPER/Collections/' took 0.01s
[2017.10.18-17.54.27:233][  0]LogFileCache: Scanning file cache for directory 'Q:/Unreal-Interactive/UnrealInteractive/Content/Collections/' took 0.01s
[2017.10.18-17.54.27:233][  0]LogCollectionManager: Rebuilt the GUID cache for 0 collections in 0.000000 seconds
[2017.10.18-17.54.27:246][  0]LogContentBrowser: Native class hierarchy populated in 0.0129 seconds. Added 2387 classes and 502 folders.
[2017.10.18-17.54.27:298][  0]LogContentBrowser: Native class hierarchy updated for 'WidgetCarousel' in 0.0008 seconds. Added 0 classes and 0 folders.
[2017.10.18-17.54.27:823][  0]LogContentBrowser: Native class hierarchy updated for 'AddContentDialog' in 0.0017 seconds. Added 0 classes and 0 folders.
[2017.10.18-17.54.27:881][  0]LogSlate: Took 0.000480 seconds to synchronously load lazily loaded font '../../../Engine/Content/Slate/Fonts/Roboto-Regular.ttf' (155K)
[2017.10.18-17.54.27:888][  0]LogSlate: Took 0.000380 seconds to synchronously load lazily loaded font '../../../Engine/Content/Slate/Fonts/Roboto-Bold.ttf' (160K)
[2017.10.18-17.54.27:902][  0]LogSlate: Took 0.011260 seconds to synchronously load lazily loaded font '../../../Engine/Content/Editor/Slate/Fonts/FontAwesome.ttf' (139K)
[2017.10.18-17.54.28:093][  0]LogRenderer: Reallocating scene render targets to support 1116x576 Format 9 NumSamples 1 (Frame:1).
[2017.10.18-17.54.28:258][  0]LogSlate: Took 0.013424 seconds to synchronously load lazily loaded font '../../../Engine/Content/Slate/Fonts/Roboto-Light.ttf' (159K)
[2017.10.18-17.54.28:729][  0]LogContentBrowser: Native class hierarchy updated for 'HierarchicalLODOutliner' in 0.0011 seconds. Added 1 classes and 2 folders.
[2017.10.18-17.54.28:729][  0]LogLoad: (Engine Initialization) Total time: 23.56 seconds
[2017.10.18-17.54.28:729][  0]LogLoad: (Engine Initialization) Total Blueprint compile time: 0.00 seconds
[2017.10.18-17.54.28:729][  0]LogExternalProfiler: Found external profiler: VSPerf
[2017.10.18-17.54.28:729][  0]LogExternalProfiler: Using external profiler: VSPerf
[2017.10.18-17.54.28:787][  0]LogContentStreaming: Texture pool size now 800 MB
[2017.10.18-17.54.29:279][  4]LogAssetRegistry: Asset discovery search completed in 14.9377 seconds
[2017.10.18-17.54.29:283][  4]LogCollectionManager: Rebuilt the object cache for 0 collections in 0.000001 seconds (found 0 objects)
[2017.10.18-17.54.29:283][  4]LogCollectionManager: Fixed up redirectors for 0 collections in 0.000065 seconds (updated 0 objects)
[2017.10.18-17.54.35:281][557]LogEditorViewport: Clicking on Actor (LMB): StaticMeshActor (Drop_Pod_Hangar_glowy_thing_top2)
[2017.10.18-17.54.36:369][626]LogEditorViewport: Clicking on Actor (LMB): StaticMeshActor (Drop_Pod_Hangar_hangar)
[2017.10.18-17.54.37:267][702]Cmd: DELETE
[2017.10.18-17.54.37:267][702]Cmd: ACTOR DELETE
[2017.10.18-17.54.37:296][702]LogEditorActor: Deleted Actor: StaticMeshActor
[2017.10.18-17.54.37:360][702]LogEditorActor: Deleted 1 Actors (0.068 secs)
[2017.10.18-17.54.46:505][318]LogSlate: Took 0.000491 seconds to synchronously load lazily loaded font '../../../Engine/Content/Slate/Fonts/Roboto-Light.ttf' (159K)
[2017.10.18-17.55.09:784][644]LogFactory: FactoryCreateFile: StaticMesh with FbxFactory (0 0 ../../../../Unreal-Interactive/justHangar.obj)
[2017.10.18-17.55.09:842][644]LogFbx: Loading FBX Scene from ../../../../Unreal-Interactive/justHangar.obj
[2017.10.18-17.55.09:848][644]LogFbx: FBX Scene Loaded Succesfully
[2017.10.18-17.55.11:934][644]LogFbx: Loading FBX Scene from ../../../../Unreal-Interactive/justHangar.obj
[2017.10.18-17.55.11:942][644]LogFbx: FBX Scene Loaded Succesfully
[2017.10.18-17.55.11:943][644]LogLinker: Can't find file '/Game/Mehses/lambert5SG'
[2017.10.18-17.55.11:943][644]LogLinker: Can't find file '/Game/Mehses/lambert5SG'
[2017.10.18-17.55.11:948][644]LogLinker: Can't find file '/Game/Mehses/outUV'
[2017.10.18-17.55.11:948][644]LogLinker: Can't find file '/Game/Mehses/outUV'
[2017.10.18-17.55.13:305][644]LogTexture: Display: Building textures: outUV (AutoDXT, 4096X4096)
[2017.10.18-17.55.17:843][644]LogMaterial: Missing cached shader map for material lambert5SG, compiling. 
[2017.10.18-17.55.17:909][644]LogFbx: Warning: Triangulating static mesh hangar
[2017.10.18-17.55.17:944][644]LogStaticMesh: Building static mesh justHangar...
[2017.10.18-17.55.17:955][644]LogStaticMesh: Built static mesh [0.01s] /Game/Mehses/justHangar.justHangar
[2017.10.18-17.55.17:964][644]LogSlate: Took 0.000262 seconds to synchronously load lazily loaded font '../../../Engine/Content/Slate/Fonts/Roboto-Regular.ttf' (155K)
[2017.10.18-17.55.17:965][644]FBXImport: Warning: No smoothing group information was found in this FBX scene.  Please make sure to enable the 'Export Smoothing Groups' option in the FBX Exporter plug-in before exporting the file.  Even for tools that don't support smoothing groups, the FBX Exporter will generate appropriate smoothing data at export-time so that correct vertex normals can be inferred while importing. 
[2017.10.18-17.55.24:635][ 93]LogActorFactory: Actor Factory created justHangar
[2017.10.18-17.55.25:776][207]LogActorFactory: Actor Factory created justHangar
[2017.10.18-17.55.26:983][288]Cmd: CAMERA ALIGN ACTIVEVIEWPORTONLY
[2017.10.18-17.55.30:394][528]LogSlate: Took 0.016573 seconds to synchronously load lazily loaded font '../../../Engine/Content/Editor/Slate/Fonts/Roboto-Italic.ttf' (157K)
[2017.10.18-17.55.40:710][353]Cmd: TRANSACTION UNDO
[2017.10.18-17.55.40:710][353]LogEditorTransaction: Undo Scale Actors
[2017.10.18-17.55.40:740][353]LogSlate: Took 0.000537 seconds to synchronously load lazily loaded font '../../../Engine/Content/Slate/Fonts/Roboto-Light.ttf' (159K)
[2017.10.18-17.55.48:180][875]Cmd: CAMERA ALIGN ACTIVEVIEWPORTONLY
[2017.10.18-17.55.51:450][156]Cmd: CAMERA ALIGN ACTIVEVIEWPORTONLY
[2017.10.18-17.56.00:398][910]Cmd: CAMERA ALIGN ACTIVEVIEWPORTONLY
[2017.10.18-17.56.03:564][165]Cmd: CAMERA ALIGN ACTIVEVIEWPORTONLY
[2017.10.18-17.56.11:018][805]Cmd: CAMERA ALIGN ACTIVEVIEWPORTONLY
[2017.10.18-17.56.11:070][809]Cmd: CAMERA ALIGN ACTIVEVIEWPORTONLY
[2017.10.18-17.56.22:307][740]Cmd: CAMERA ALIGN ACTIVEVIEWPORTONLY
[2017.10.18-17.56.40:623][209]LogTemp: Repeating last play command: Selected Viewport
[2017.10.18-17.56.40:735][209]LogBlueprintUserMessages: Early PlayInEditor Detection: Level '/Game/StarterContent/Maps/Minimal_Default.Minimal_Default:PersistentLevel' has LevelScriptBlueprint '/Game/StarterContent/Maps/Minimal_Default.Minimal_Default:PersistentLevel.Minimal_Default' with GeneratedClass '/Game/StarterContent/Maps/Minimal_Default.Minimal_Default_C' with ClassGeneratedBy '/Game/StarterContent/Maps/Minimal_Default.Minimal_Default:PersistentLevel.Minimal_Default'
[2017.10.18-17.56.40:735][209]LogPlayLevel: PlayLevel: No blueprints needed recompiling
[2017.10.18-17.56.40:753][209]PIE: New page: PIE session: Minimal_Default (Oct 18, 2017, 9:56:40 AM)
[2017.10.18-17.56.40:753][209]LogPlayLevel: Creating play world package: /Game/StarterContent/Maps/UEDPIE_0_Minimal_Default
[2017.10.18-17.56.40:769][209]LogPlayLevel: PIE: StaticDuplicateObject took: (0.016520s)
[2017.10.18-17.56.40:771][209]LogAIModule: Creating AISystem for world Minimal_Default
[2017.10.18-17.56.40:771][209]LogPlayLevel: PIE: World Init took: (0.001274s)
[2017.10.18-17.56.40:771][209]LogPlayLevel: PIE: Created PIE world by copying editor world from /Game/StarterContent/Maps/Minimal_Default.Minimal_Default to /Game/StarterContent/Maps/UEDPIE_0_Minimal_Default.Minimal_Default (0.018189s)
[2017.10.18-17.56.40:833][209]LogInit: XAudio2 using 'Speakers (Realtek High Definition Audio)' : 2 channels at 48 kHz using 32 bits per sample (channel mask 0x3)
[2017.10.18-17.56.40:847][209]LogInit: FAudioDevice initialized.
[2017.10.18-17.56.40:899][209]LogLoad: Game class is 'GameModeBase'
[2017.10.18-17.56.40:911][209]LogWorld: Bringing World /Game/StarterContent/Maps/UEDPIE_0_Minimal_Default.Minimal_Default up for play (max tick rate 0) at 2017.10.18-13.56.40
[2017.10.18-17.56.40:912][209]LogWorld: Bringing up level for play took: 0.004119
[2017.10.18-17.56.40:934][209]LogGameMode: FindPlayerStart: PATHS NOT DEFINED or NO PLAYERSTART with positive rating
[2017.10.18-17.56.40:997][209]LogContentBrowser: Native class hierarchy updated for 'MovieSceneCapture' in 0.0011 seconds. Added 11 classes and 0 folders.
[2017.10.18-17.56.40:998][209]PIE: Play in editor start time for /Game/StarterContent/Maps/UEDPIE_0_Minimal_Default -0.12
[2017.10.18-17.56.40:999][209]LogBlueprintUserMessages: Late PlayInEditor Detection: Level '/Game/StarterContent/Maps/Minimal_Default.Minimal_Default:PersistentLevel' has LevelScriptBlueprint '/Game/StarterContent/Maps/Minimal_Default.Minimal_Default:PersistentLevel.Minimal_Default' with GeneratedClass '/Game/StarterContent/Maps/Minimal_Default.Minimal_Default_C' with ClassGeneratedBy '/Game/StarterContent/Maps/Minimal_Default.Minimal_Default:PersistentLevel.Minimal_Default'
[2017.10.18-17.56.44:038][527]LogBlueprintUserMessages: Early EndPlayMap Detection: Level '/Game/StarterContent/Maps/Minimal_Default.Minimal_Default:PersistentLevel' has LevelScriptBlueprint '/Game/StarterContent/Maps/Minimal_Default.Minimal_Default:PersistentLevel.Minimal_Default' with GeneratedClass '/Game/StarterContent/Maps/Minimal_Default.Minimal_Default_C' with ClassGeneratedBy '/Game/StarterContent/Maps/Minimal_Default.Minimal_Default:PersistentLevel.Minimal_Default'
[2017.10.18-17.56.44:101][527]LogBlueprintUserMessages: Late EndPlayMap Detection: Level '/Game/StarterContent/Maps/Minimal_Default.Minimal_Default:PersistentLevel' has LevelScriptBlueprint '/Game/StarterContent/Maps/Minimal_Default.Minimal_Default:PersistentLevel.Minimal_Default' with GeneratedClass '/Game/StarterContent/Maps/Minimal_Default.Minimal_Default_C' with ClassGeneratedBy '/Game/StarterContent/Maps/Minimal_Default.Minimal_Default:PersistentLevel.Minimal_Default'
[2017.10.18-17.58.44:248][918]LogMaterial: Missing cached shader map for material lambert5SG, compiling. 
[2017.10.18-17.58.44:249][918]LogMaterial: Warning: Failed to compile Material /Game/Mehses/lambert5SG.lambert5SG for platform PCD3D_SM5, Default Material will be used in game.
[2017.10.18-17.58.44:249][918]LogMaterial: Warning: 	(Node TextureSample) Texture Sample> Missing input texture
[2017.10.18-17.58.50:898][989]LogFactory: FactoryCreateFile: StaticMesh with FbxFactory (0 0 ../../../../Unreal-Interactive/justHangar.obj)
[2017.10.18-17.58.50:917][989]LogFbx: Loading FBX Scene from ../../../../Unreal-Interactive/justHangar.obj
[2017.10.18-17.58.50:926][989]LogFbx: FBX Scene Loaded Succesfully
[2017.10.18-17.58.53:022][989]LogFbx: Loading FBX Scene from ../../../../Unreal-Interactive/justHangar.obj
[2017.10.18-17.58.53:028][989]LogFbx: FBX Scene Loaded Succesfully
[2017.10.18-17.58.54:491][989]LogTexture: Display: Building textures: outUV (AutoDXT, 4096X4096)
[2017.10.18-17.58.58:881][989]LogMaterial: Missing cached shader map for material lambert5SG, compiling. 
[2017.10.18-17.58.58:927][989]LogFbx: Warning: Triangulating static mesh hangar
[2017.10.18-17.58.58:965][989]LogStaticMesh: Building static mesh justHangar...
[2017.10.18-17.58.58:975][989]LogStaticMesh: Built static mesh [0.01s] /Game/Mehses/justHangar.justHangar
[2017.10.18-17.58.58:989][989]FBXImport: Warning: No smoothing group information was found in this FBX scene.  Please make sure to enable the 'Export Smoothing Groups' option in the FBX Exporter plug-in before exporting the file.  Even for tools that don't support smoothing groups, the FBX Exporter will generate appropriate smoothing data at export-time so that correct vertex normals can be inferred while importing. 
[2017.10.18-17.59.14:572][186]Cmd: OBJ SAVEPACKAGE PACKAGE="/Game/Mehses/HangarTexture" FILE="../../../../Unreal-Interactive/UnrealInteractive/Content/Mehses/HangarTexture.uasset" SILENT=true
[2017.10.18-17.59.14:594][186]LogSavePackage: Save=19.51ms
[2017.10.18-17.59.14:594][186]LogSavePackage: Moving '../../../../Unreal-Interactive/UnrealInteractive/Saved/HangarTextureF6282D9B4728A39F65E697BCF09763A5.tmp' to '../../../../Unreal-Interactive/UnrealInteractive/Content/Mehses/HangarTexture.uasset'
[2017.10.18-17.59.14:596][186]LogSavePackage: Display: Finished SavePackage ../../../../Unreal-Interactive/UnrealInteractive/Content/Mehses/HangarTexture.uasset
[2017.10.18-17.59.22:750][598]Cmd: OBJ SAVEPACKAGE PACKAGE="/Game/Mehses/HangarMat" FILE="../../../../Unreal-Interactive/UnrealInteractive/Content/Mehses/HangarMat.uasset" SILENT=true
[2017.10.18-17.59.22:784][598]LogSavePackage: Save=31.97ms
[2017.10.18-17.59.22:784][598]LogSavePackage: Moving '../../../../Unreal-Interactive/UnrealInteractive/Saved/HangarMat4F53F1E6482BBADF9B4696A84439008E.tmp' to '../../../../Unreal-Interactive/UnrealInteractive/Content/Mehses/HangarMat.uasset'
[2017.10.18-17.59.22:786][598]LogSavePackage: Display: Finished SavePackage ../../../../Unreal-Interactive/UnrealInteractive/Content/Mehses/HangarMat.uasset
[2017.10.18-17.59.32:817][314]Cmd: OBJ SAVEPACKAGE PACKAGE="/Game/Mehses/HangarText" FILE="../../../../Unreal-Interactive/UnrealInteractive/Content/Mehses/HangarText.uasset" SILENT=true
[2017.10.18-17.59.35:109][314]LogSavePackage: Save=2290.55ms
[2017.10.18-17.59.35:109][314]LogSavePackage: Moving '../../../../Unreal-Interactive/UnrealInteractive/Saved/HangarTextB0FB37A742D80B11EFDBD2B9CAB3C7FF.tmp' to '../../../../Unreal-Interactive/UnrealInteractive/Content/Mehses/HangarText.uasset'
[2017.10.18-17.59.35:112][314]LogSavePackage: Display: Finished SavePackage ../../../../Unreal-Interactive/UnrealInteractive/Content/Mehses/HangarText.uasset
[2017.10.18-17.59.35:352][314]Cmd: OBJ SAVEPACKAGE PACKAGE="/Game/Mehses/HangarMat" FILE="../../../../Unreal-Interactive/UnrealInteractive/Content/Mehses/HangarMat.uasset" SILENT=true
[2017.10.18-17.59.35:357][314]LogSavePackage: Save=2.90ms
[2017.10.18-17.59.35:357][314]LogSavePackage: Moving '../../../../Unreal-Interactive/UnrealInteractive/Saved/HangarMatBAD3BD264CDB1C3B86909D950A24B705.tmp' to '../../../../Unreal-Interactive/UnrealInteractive/Content/Mehses/HangarMat.uasset'
[2017.10.18-17.59.35:358][314]LogSavePackage: Display: Finished SavePackage ../../../../Unreal-Interactive/UnrealInteractive/Content/Mehses/HangarMat.uasset
[2017.10.18-17.59.36:690][393]LogActorFactory: Actor Factory created justHangar
[2017.10.18-17.59.37:660][454]LogActorFactory: Actor Factory created justHangar
[2017.10.18-17.59.44:700][ 18]LogEditorViewport: Clicking on Actor (LMB): StaticMeshActor (Drop_Pod_Hangar_Skybox2)
[2017.10.18-17.59.45:264][ 60]LogEditorViewport: Clicking on Actor (LMB): StaticMeshActor (Drop_Pod_Hangar_Skybox2)
[2017.10.18-17.59.47:728][238]LogEditorViewport: Clicking on Actor (LMB): StaticMeshActor (justHangar2)
[2017.10.18-17.59.48:900][337]Cmd: DELETE
[2017.10.18-17.59.48:900][337]Cmd: ACTOR DELETE
[2017.10.18-17.59.48:901][337]LogEditorActor: Deleted Actor: StaticMeshActor
[2017.10.18-17.59.48:963][337]LogEditorActor: Deleted 1 Actors (0.062 secs)
[2017.10.18-17.59.51:955][670]LogEditorViewport: Clicking on Actor (LMB): StaticMeshActor (justHangar3)
[2017.10.18-18.00.05:375][819]Cmd: CAMERA ALIGN ACTIVEVIEWPORTONLY
[2017.10.18-18.00.53:545][884]LogTemp: Repeating last play command: Selected Viewport
[2017.10.18-18.00.53:567][884]LogBlueprintUserMessages: Early PlayInEditor Detection: Level '/Game/StarterContent/Maps/Minimal_Default.Minimal_Default:PersistentLevel' has LevelScriptBlueprint '/Game/StarterContent/Maps/Minimal_Default.Minimal_Default:PersistentLevel.Minimal_Default' with GeneratedClass '/Game/StarterContent/Maps/Minimal_Default.Minimal_Default_C' with ClassGeneratedBy '/Game/StarterContent/Maps/Minimal_Default.Minimal_Default:PersistentLevel.Minimal_Default'
[2017.10.18-18.00.53:567][884]LogPlayLevel: PlayLevel: No blueprints needed recompiling
[2017.10.18-18.00.53:567][884]PIE: New page: PIE session: Minimal_Default (Oct 18, 2017, 10:00:53 AM)
[2017.10.18-18.00.53:567][884]LogPlayLevel: Creating play world package: /Game/StarterContent/Maps/UEDPIE_0_Minimal_Default
[2017.10.18-18.00.53:576][884]LogPlayLevel: PIE: StaticDuplicateObject took: (0.008700s)
[2017.10.18-18.00.53:577][884]LogAIModule: Creating AISystem for world Minimal_Default
[2017.10.18-18.00.53:577][884]LogPlayLevel: PIE: World Init took: (0.001496s)
[2017.10.18-18.00.53:578][884]LogPlayLevel: PIE: Created PIE world by copying editor world from /Game/StarterContent/Maps/Minimal_Default.Minimal_Default to /Game/StarterContent/Maps/UEDPIE_0_Minimal_Default.Minimal_Default (0.010610s)
[2017.10.18-18.00.53:639][884]LogInit: XAudio2 using 'Speakers (Realtek High Definition Audio)' : 2 channels at 48 kHz using 32 bits per sample (channel mask 0x3)
[2017.10.18-18.00.53:651][884]LogInit: FAudioDevice initialized.
[2017.10.18-18.00.53:687][884]LogLoad: Game class is 'GameModeBase'
[2017.10.18-18.00.53:691][884]LogWorld: Bringing World /Game/StarterContent/Maps/UEDPIE_0_Minimal_Default.Minimal_Default up for play (max tick rate 0) at 2017.10.18-14.00.53
[2017.10.18-18.00.53:692][884]LogWorld: Bringing up level for play took: 0.003262
[2017.10.18-18.00.53:693][884]LogGameMode: FindPlayerStart: PATHS NOT DEFINED or NO PLAYERSTART with positive rating
[2017.10.18-18.00.53:695][884]PIE: Play in editor start time for /Game/StarterContent/Maps/UEDPIE_0_Minimal_Default 0.586
[2017.10.18-18.00.53:695][884]LogBlueprintUserMessages: Late PlayInEditor Detection: Level '/Game/StarterContent/Maps/Minimal_Default.Minimal_Default:PersistentLevel' has LevelScriptBlueprint '/Game/StarterContent/Maps/Minimal_Default.Minimal_Default:PersistentLevel.Minimal_Default' with GeneratedClass '/Game/StarterContent/Maps/Minimal_Default.Minimal_Default_C' with ClassGeneratedBy '/Game/StarterContent/Maps/Minimal_Default.Minimal_Default:PersistentLevel.Minimal_Default'
[2017.10.18-18.01.00:827][663]LogBlueprintUserMessages: Early EndPlayMap Detection: Level '/Game/StarterContent/Maps/Minimal_Default.Minimal_Default:PersistentLevel' has LevelScriptBlueprint '/Game/StarterContent/Maps/Minimal_Default.Minimal_Default:PersistentLevel.Minimal_Default' with GeneratedClass '/Game/StarterContent/Maps/Minimal_Default.Minimal_Default_C' with ClassGeneratedBy '/Game/StarterContent/Maps/Minimal_Default.Minimal_Default:PersistentLevel.Minimal_Default'
[2017.10.18-18.01.00:890][663]LogBlueprintUserMessages: Late EndPlayMap Detection: Level '/Game/StarterContent/Maps/Minimal_Default.Minimal_Default:PersistentLevel' has LevelScriptBlueprint '/Game/StarterContent/Maps/Minimal_Default.Minimal_Default:PersistentLevel.Minimal_Default' with GeneratedClass '/Game/StarterContent/Maps/Minimal_Default.Minimal_Default_C' with ClassGeneratedBy '/Game/StarterContent/Maps/Minimal_Default.Minimal_Default:PersistentLevel.Minimal_Default'
[2017.10.18-18.01.05:911][ 60]LogEditorViewport: Clicking on Actor (LMB): StaticMeshActor (justHangar3)
[2017.10.18-18.01.14:328][754]Cmd: CAMERA ALIGN ACTIVEVIEWPORTONLY
[2017.10.18-18.01.16:448][914]Cmd: DELETE
[2017.10.18-18.01.16:448][914]Cmd: ACTOR DELETE
[2017.10.18-18.01.16:449][914]LogEditorActor: Deleted Actor: StaticMeshActor
[2017.10.18-18.01.16:508][914]LogEditorActor: Deleted 1 Actors (0.060 secs)
[2017.10.18-18.01.17:235][993]LogEditorViewport: Clicking on Actor (LMB): StaticMeshActor (justHangar3)
[2017.10.18-18.01.32:024][  5]LogRenderer: Reallocating scene render targets to support 1116x904 Format 9 NumSamples 1 (Frame:1).
[2017.10.18-18.01.55:837][ 12]Cmd: OBJ SAVEPACKAGE PACKAGE="/Game/Mehses/justHangar" FILE="../../../../Unreal-Interactive/UnrealInteractive/Content/Mehses/justHangar.uasset" SILENT=true
[2017.10.18-18.01.55:858][ 12]LogSavePackage: Save=18.36ms
[2017.10.18-18.01.55:858][ 12]LogSavePackage: Moving '../../../../Unreal-Interactive/UnrealInteractive/Saved/justHangarEAF0F63343F62081A7015E97617BBB00.tmp' to '../../../../Unreal-Interactive/UnrealInteractive/Content/Mehses/justHangar.uasset'
[2017.10.18-18.01.55:861][ 12]LogSavePackage: Display: Finished SavePackage ../../../../Unreal-Interactive/UnrealInteractive/Content/Mehses/justHangar.uasset
[2017.10.18-18.01.58:355][125]MapCheck: New page: Map Check
[2017.10.18-18.01.58:386][125]Cmd: MAP REBUILD ALLVISIBLE
[2017.10.18-18.01.58:386][125]LogEditorServer: Rebuildmap Clear paths rebuilt
[2017.10.18-18.01.58:688][125]LogMaterial: Missing cached shader map for material FDebugViewModeMaterialProxy WorldGridMaterial, compiling. Is special engine material.
[2017.10.18-18.01.58:716][125]LogMaterial: Missing cached shader map for material FDebugViewModeMaterialProxy MaterialInstanceDynamic_1, compiling. 
[2017.10.18-18.01.58:729][125]LogMaterial: Missing cached shader map for material FDebugViewModeMaterialProxy initialShadingGroup, compiling. 
[2017.10.18-18.01.58:741][125]LogMaterial: Missing cached shader map for material FDebugViewModeMaterialProxy blinn1SG, compiling. 
[2017.10.18-18.01.58:760][125]LogMaterial: Missing cached shader map for material FDebugViewModeMaterialProxy blinn3SG, compiling. 
[2017.10.18-18.01.58:782][125]LogMaterial: Missing cached shader map for material FDebugViewModeMaterialProxy blinn4SG, compiling. 
[2017.10.18-18.01.58:794][125]LogMaterial: Missing cached shader map for material FDebugViewModeMaterialProxy PodBody_BaseMat, compiling. 
[2017.10.18-18.01.58:806][125]LogMaterial: Missing cached shader map for material FDebugViewModeMaterialProxy PodBody_pCylinder1Mat, compiling. 
[2017.10.18-18.01.58:817][125]LogMaterial: Missing cached shader map for material FDebugViewModeMaterialProxy PodBody_pCylinder14_pCylinder10_pCylinder11_pCylinder12_pCylinder13Mat, compiling. 
[2017.10.18-18.01.58:829][125]LogMaterial: Missing cached shader map for material FDebugViewModeMaterialProxy PodBody_pCylinder3Mat, compiling. 
[2017.10.18-18.01.58:839][125]LogMaterial: Missing cached shader map for material FDebugViewModeMaterialProxy PodBody_pCylinder8Mat, compiling. 
[2017.10.18-18.01.58:850][125]LogMaterial: Missing cached shader map for material FDebugViewModeMaterialProxy PodBody_prime_Door_transform6_transform7_transform8_transform9_transform10_prime_Door_prime_Door_prime_Door_prime_DoorMat, compiling. 
[2017.10.18-18.01.58:860][125]LogMaterial: Missing cached shader map for material FDebugViewModeMaterialProxy prime_Frame_PodBody_prime_Frame1_prime_Frame3_prime_Frame2_prime_Frame4Mat, compiling. 
[2017.10.18-18.01.58:870][125]LogMaterial: Missing cached shader map for material FDebugViewModeMaterialProxy HangarMat, compiling. 
[2017.10.18-18.01.59:578][125]TextureStreamingBuild: Display: Compiling optional shaders took 0.977 seconds.
[2017.10.18-18.01.59:585][125]LogLevel: Display: Export Material TexCoord Scales took 0.007 seconds.
[2017.10.18-18.01.59:612][125]TextureStreamingBuild: Display: Build Texture Streaming took 0.027 seconds.
[2017.10.18-18.01.59:678][125]LightingResults: New page: Lighting Build - Oct 18, 2017, 10:01:59 AM
[2017.10.18-18.01.59:865][125]LogSwarmInterface: [OpenConnection] Registering TCP channel ...
[2017.10.18-18.02.00:032][125]LogSwarmInterface: [OpenConnection] Connecting to agent ...
[2017.10.18-18.02.00:052][125]LogSwarmInterface: [TryOpenConnection] Testing the Agent
[2017.10.18-18.02.02:079][125]LogSwarmInterface: [TryOpenConnection] Opening Connection to Agent
[2017.10.18-18.02.02:079][125]LogSwarmInterface: [TryOpenConnection] Local Process ID is 369856
[2017.10.18-18.02.07:209][125]LogStaticLightingSystem: Warning: No importance volume found, so the scene bounding box was used.  You can optimize your scene's quality and lighting build times by adding importance volumes.
[2017.10.18-18.02.07:213][125]LogStaticLightingSystem: Running Lightmass w/ ImmediateImport mode ENABLED
[2017.10.18-18.02.07:213][125]LogStaticLightingSystem: Running Lightmass w/ ImmediateProcess mode ENABLED
[2017.10.18-18.02.07:214][125]LogStaticLightingSystem: Running Lightmass w/ Sorting mode ENABLED
[2017.10.18-18.02.07:214][125]LogStaticLightingSystem: Running Lightmass w/ Mapping paddings ENABLED
[2017.10.18-18.02.07:214][125]LogStaticLightingSystem: Running Lightmass w/ Mapping debug paddings DISABLED
[2017.10.18-18.02.08:094][125]Cmd: MAP CHECK DONTDISPLAYDIALOG
[2017.10.18-18.02.08:094][125]MapCheck: New page: Minimal_Default - Oct 18, 2017, 10:02:08 AM
[2017.10.18-18.02.08:095][125]MapCheck: Warning: justHangar_2 Static mesh actor has NULL StaticMesh property 
[2017.10.18-18.02.08:096][125]MapCheck: Warning: justHangar_2 Static mesh actor has NULL StaticMesh property 
[2017.10.18-18.02.08:096][125]MapCheck: Error: WorldSettings_1 Maps need lighting rebuilt 
[2017.10.18-18.02.08:174][125]MapCheck: Map check complete: 1 Error(s), 2 Warning(s), took 79.693ms to complete.
[2017.10.18-18.02.08:196][125]LogEditorBuildUtils: Build time 0:09
[2017.10.18-18.02.08:339][126]LogMaterial: Missing cached shader map for material FLightmassMaterialRenderer initialShadingGroup, compiling. 
[2017.10.18-18.02.08:349][126]LogMaterial: Missing cached shader map for material FLightmassMaterialRenderer initialShadingGroup, compiling. 
[2017.10.18-18.02.08:550][127]LogMaterial: Missing cached shader map for material FLightmassMaterialRenderer blinn1SG, compiling. 
[2017.10.18-18.02.08:568][127]LogMaterial: Missing cached shader map for material FLightmassMaterialRenderer blinn1SG, compiling. 
[2017.10.18-18.02.08:647][128]LogMaterial: Missing cached shader map for material FLightmassMaterialRenderer blinn3SG, compiling. 
[2017.10.18-18.02.08:663][128]LogMaterial: Missing cached shader map for material FLightmassMaterialRenderer blinn3SG, compiling. 
[2017.10.18-18.02.08:732][129]LogMaterial: Missing cached shader map for material FLightmassMaterialRenderer blinn4SG, compiling. 
[2017.10.18-18.02.08:746][129]LogMaterial: Missing cached shader map for material FLightmassMaterialRenderer blinn4SG, compiling. 
[2017.10.18-18.02.08:775][130]LogMaterial: Missing cached shader map for material FLightmassMaterialRenderer PodBody_pCylinder8Mat, compiling. 
[2017.10.18-18.02.08:786][130]LogMaterial: Missing cached shader map for material FLightmassMaterialRenderer PodBody_pCylinder8Mat, compiling. 
[2017.10.18-18.02.08:818][131]LogMaterial: Missing cached shader map for material FLightmassMaterialRenderer HangarMat, compiling. 
[2017.10.18-18.02.08:829][131]LogMaterial: Missing cached shader map for material FLightmassMaterialRenderer HangarMat, compiling. 
[2017.10.18-18.02.14:200][218]LightingResults: Warning: Pod_and_marine_PodBody_pCylinder14_pCylinder10_pCylinder11_pCylinder12_pCylinder13 Object has overlapping UVs.
[2017.10.18-18.02.14:200][218]LightingResults: Pod_and_marine_PodBody_pCylinder14_pCylinder10_pCylinder11_pCylinder12_pCylinder13 Lightmap UV are overlapping by 1.2%. Please adjust content - Enable Error Coloring to visualize.
[2017.10.18-18.02.14:260][220]LightingResults: Warning: Pod_and_marine_PodBody_pCylinder8 Object has overlapping UVs.
[2017.10.18-18.02.14:260][220]LightingResults: Pod_and_marine_PodBody_pCylinder8 Lightmap UV are overlapping by 3.3%. Please adjust content - Enable Error Coloring to visualize.
[2017.10.18-18.02.14:358][223]Job is a success!
[2017.10.18-18.02.14:519][224]LogMaterial: Warning: Material /Game/Mehses/HangarMat.HangarMat needed to have new flag set bUsedWithStaticLighting !
[2017.10.18-18.02.14:525][224]LogMaterial: Missing cached shader map for material HangarMat, compiling. 
[2017.10.18-18.02.14:689][224]LogTexture: Display: Building textures: HQ_Lightmap1_1 (AutoDXT, 512X512)
[2017.10.18-18.02.14:689][224]LogTexture: Display: Building textures: LQ_Lightmap_1_1 (DXT1, 512X512)
[2017.10.18-18.02.14:689][224]LogTexture: Display: Building textures: HQ_Lightmap1_2 (AutoDXT, 64X64)
[2017.10.18-18.02.14:689][224]LogTexture: Display: Building textures: LQ_Lightmap_1_2 (DXT1, 64X64)
[2017.10.18-18.02.14:689][224]LogTexture: Display: Building textures: ShadowMapTexture2D_1 (G8, 32X32)
[2017.10.18-18.02.14:689][224]LogTexture: Display: Building textures: ShadowMapTexture2D_0 (G8, 1024X64)
[2017.10.18-18.02.14:875][224]Lightmass on A-C613-12: 3.09 sec total, 463 ms importing, 32 ms setup, 1.51 sec photons, 1.05 sec processing, 0 ms extra exporting [16/16 mappings]. Threads: 28.4 sec total, 4.31 sec processing.
[2017.10.18-18.02.14:954][224]LogStaticLightingSystem: Illumination: 15.1 sec (90 ms encoding lightmaps, 19 ms encoding shadowmaps)
[2017.10.18-18.02.14:955][224]LogStaticLightingSystem: Lightmap texture memory:  0.5 MB (0.5 MB streaming, 0.0 MB non-streaming), 4 textures
[2017.10.18-18.02.14:955][224]LogStaticLightingSystem: Shadowmap texture memory: 0.1 MB (0.1 MB streaming, 0.0 MB non-streaming), 2 textures
[2017.10.18-18.02.15:644][224]DumpUnbuiltLightIteractions
[2017.10.18-18.02.15:644][224]Lights with unbuilt interactions: 0
[2017.10.18-18.02.15:645][224]
[2017.10.18-18.02.15:645][224]Primitives with unbuilt interactions: 0
[2017.10.18-18.02.15:662][225]Cmd: MAP CHECK NOTIFYRESULTS
[2017.10.18-18.02.15:662][225]MapCheck: New page: Minimal_Default - Oct 18, 2017, 10:02:15 AM
[2017.10.18-18.02.15:833][225]MapCheck: Warning: justHangar_2 Static mesh actor has NULL StaticMesh property 
[2017.10.18-18.02.15:833][225]MapCheck: Warning: justHangar_2 Static mesh actor has NULL StaticMesh property 
[2017.10.18-18.02.15:917][225]MapCheck: Map check complete: 0 Error(s), 2 Warning(s), took 255.154ms to complete.
[2017.10.18-18.02.21:408][401]LogTemp: Repeating last play command: Selected Viewport
[2017.10.18-18.02.21:435][401]LogBlueprintUserMessages: Early PlayInEditor Detection: Level '/Game/StarterContent/Maps/Minimal_Default.Minimal_Default:PersistentLevel' has LevelScriptBlueprint '/Game/StarterContent/Maps/Minimal_Default.Minimal_Default:PersistentLevel.Minimal_Default' with GeneratedClass '/Game/StarterContent/Maps/Minimal_Default.Minimal_Default_C' with ClassGeneratedBy '/Game/StarterContent/Maps/Minimal_Default.Minimal_Default:PersistentLevel.Minimal_Default'
[2017.10.18-18.02.21:436][401]LogPlayLevel: PlayLevel: No blueprints needed recompiling
[2017.10.18-18.02.21:436][401]PIE: New page: PIE session: Minimal_Default (Oct 18, 2017, 10:02:21 AM)
[2017.10.18-18.02.21:436][401]LogPlayLevel: Creating play world package: /Game/StarterContent/Maps/UEDPIE_0_Minimal_Default
[2017.10.18-18.02.21:444][401]LogPlayLevel: PIE: StaticDuplicateObject took: (0.007833s)
[2017.10.18-18.02.21:445][401]LogAIModule: Creating AISystem for world Minimal_Default
[2017.10.18-18.02.21:446][401]LogPlayLevel: PIE: World Init took: (0.001638s)
[2017.10.18-18.02.21:446][401]LogPlayLevel: PIE: Created PIE world by copying editor world from /Game/StarterContent/Maps/Minimal_Default.Minimal_Default to /Game/StarterContent/Maps/UEDPIE_0_Minimal_Default.Minimal_Default (0.009991s)
[2017.10.18-18.02.21:501][401]LogInit: XAudio2 using 'Speakers (Realtek High Definition Audio)' : 2 channels at 48 kHz using 32 bits per sample (channel mask 0x3)
[2017.10.18-18.02.21:514][401]LogInit: FAudioDevice initialized.
[2017.10.18-18.02.21:545][401]LogLoad: Game class is 'GameModeBase'
[2017.10.18-18.02.21:549][401]LogWorld: Bringing World /Game/StarterContent/Maps/UEDPIE_0_Minimal_Default.Minimal_Default up for play (max tick rate 0) at 2017.10.18-14.02.21
[2017.10.18-18.02.21:550][401]LogWorld: Bringing up level for play took: 0.003512
[2017.10.18-18.02.21:552][401]PIE: Play in editor start time for /Game/StarterContent/Maps/UEDPIE_0_Minimal_Default 0.447
[2017.10.18-18.02.21:553][401]LogBlueprintUserMessages: Late PlayInEditor Detection: Level '/Game/StarterContent/Maps/Minimal_Default.Minimal_Default:PersistentLevel' has LevelScriptBlueprint '/Game/StarterContent/Maps/Minimal_Default.Minimal_Default:PersistentLevel.Minimal_Default' with GeneratedClass '/Game/StarterContent/Maps/Minimal_Default.Minimal_Default_C' with ClassGeneratedBy '/Game/StarterContent/Maps/Minimal_Default.Minimal_Default:PersistentLevel.Minimal_Default'
[2017.10.18-18.02.41:091][182]LogBlueprintUserMessages: Early EndPlayMap Detection: Level '/Game/StarterContent/Maps/Minimal_Default.Minimal_Default:PersistentLevel' has LevelScriptBlueprint '/Game/StarterContent/Maps/Minimal_Default.Minimal_Default:PersistentLevel.Minimal_Default' with GeneratedClass '/Game/StarterContent/Maps/Minimal_Default.Minimal_Default_C' with ClassGeneratedBy '/Game/StarterContent/Maps/Minimal_Default.Minimal_Default:PersistentLevel.Minimal_Default'
[2017.10.18-18.02.41:173][182]LogBlueprintUserMessages: Late EndPlayMap Detection: Level '/Game/StarterContent/Maps/Minimal_Default.Minimal_Default:PersistentLevel' has LevelScriptBlueprint '/Game/StarterContent/Maps/Minimal_Default.Minimal_Default:PersistentLevel.Minimal_Default' with GeneratedClass '/Game/StarterContent/Maps/Minimal_Default.Minimal_Default_C' with ClassGeneratedBy '/Game/StarterContent/Maps/Minimal_Default.Minimal_Default:PersistentLevel.Minimal_Default'
[2017.10.18-18.02.49:321][724]LogEditorActor: Deleted Actor: StaticMeshActor
[2017.10.18-18.02.49:373][724]LogEditorActor: Deleted 1 Actors (0.052 secs)
[2017.10.18-18.03.14:466][774]Cmd: CAMERA ALIGN ACTIVEVIEWPORTONLY
[2017.10.18-18.03.17:422][ 50]Cmd: CAMERA ALIGN ACTIVEVIEWPORTONLY
[2017.10.18-18.03.21:049][380]Cmd: CAMERA ALIGN ACTIVEVIEWPORTONLY
[2017.10.18-18.03.53:317][ 24]Cmd: CAMERA ALIGN ACTIVEVIEWPORTONLY
[2017.10.18-18.04.56:039][401]Cmd: CAMERA ALIGN ACTIVEVIEWPORTONLY
[2017.10.18-18.05.01:247][827]LogEditorViewport: Clicking on Actor (LMB): StaticMeshActor (justHangar3)
[2017.10.18-18.05.01:772][859]LogEditorViewport: Clicking on Actor (LMB): PointLight (PointLight3)
[2017.10.18-18.05.19:032][126]LogTemp: Repeating last play command: Selected Viewport
[2017.10.18-18.05.19:058][126]LogBlueprintUserMessages: Early PlayInEditor Detection: Level '/Game/StarterContent/Maps/Minimal_Default.Minimal_Default:PersistentLevel' has LevelScriptBlueprint '/Game/StarterContent/Maps/Minimal_Default.Minimal_Default:PersistentLevel.Minimal_Default' with GeneratedClass '/Game/StarterContent/Maps/Minimal_Default.Minimal_Default_C' with ClassGeneratedBy '/Game/StarterContent/Maps/Minimal_Default.Minimal_Default:PersistentLevel.Minimal_Default'
[2017.10.18-18.05.19:058][126]LogPlayLevel: PlayLevel: No blueprints needed recompiling
[2017.10.18-18.05.19:058][126]PIE: New page: PIE session: Minimal_Default (Oct 18, 2017, 10:05:19 AM)
[2017.10.18-18.05.19:059][126]LogPlayLevel: Creating play world package: /Game/StarterContent/Maps/UEDPIE_0_Minimal_Default
[2017.10.18-18.05.19:064][126]LogPlayLevel: PIE: StaticDuplicateObject took: (0.005708s)
[2017.10.18-18.05.19:066][126]LogAIModule: Creating AISystem for world Minimal_Default
[2017.10.18-18.05.19:066][126]LogPlayLevel: PIE: World Init took: (0.001948s)
[2017.10.18-18.05.19:067][126]LogPlayLevel: PIE: Created PIE world by copying editor world from /Game/StarterContent/Maps/Minimal_Default.Minimal_Default to /Game/StarterContent/Maps/UEDPIE_0_Minimal_Default.Minimal_Default (0.008195s)
[2017.10.18-18.05.19:131][126]LogInit: XAudio2 using 'Speakers (Realtek High Definition Audio)' : 2 channels at 48 kHz using 32 bits per sample (channel mask 0x3)
[2017.10.18-18.05.19:144][126]LogInit: FAudioDevice initialized.
[2017.10.18-18.05.19:174][126]LogLoad: Game class is 'GameModeBase'
[2017.10.18-18.05.19:177][126]LogWorld: Bringing World /Game/StarterContent/Maps/UEDPIE_0_Minimal_Default.Minimal_Default up for play (max tick rate 0) at 2017.10.18-14.05.19
[2017.10.18-18.05.19:177][126]LogWorld: Bringing up level for play took: 0.002252
[2017.10.18-18.05.19:179][126]PIE: Play in editor start time for /Game/StarterContent/Maps/UEDPIE_0_Minimal_Default -0.112
[2017.10.18-18.05.19:179][126]LogBlueprintUserMessages: Late PlayInEditor Detection: Level '/Game/StarterContent/Maps/Minimal_Default.Minimal_Default:PersistentLevel' has LevelScriptBlueprint '/Game/StarterContent/Maps/Minimal_Default.Minimal_Default:PersistentLevel.Minimal_Default' with GeneratedClass '/Game/StarterContent/Maps/Minimal_Default.Minimal_Default_C' with ClassGeneratedBy '/Game/StarterContent/Maps/Minimal_Default.Minimal_Default:PersistentLevel.Minimal_Default'
[2017.10.18-18.05.24:818][625]LogBlueprintUserMessages: Early EndPlayMap Detection: Level '/Game/StarterContent/Maps/Minimal_Default.Minimal_Default:PersistentLevel' has LevelScriptBlueprint '/Game/StarterContent/Maps/Minimal_Default.Minimal_Default:PersistentLevel.Minimal_Default' with GeneratedClass '/Game/StarterContent/Maps/Minimal_Default.Minimal_Default_C' with ClassGeneratedBy '/Game/StarterContent/Maps/Minimal_Default.Minimal_Default:PersistentLevel.Minimal_Default'
[2017.10.18-18.05.24:874][625]LogBlueprintUserMessages: Late EndPlayMap Detection: Level '/Game/StarterContent/Maps/Minimal_Default.Minimal_Default:PersistentLevel' has LevelScriptBlueprint '/Game/StarterContent/Maps/Minimal_Default.Minimal_Default:PersistentLevel.Minimal_Default' with GeneratedClass '/Game/StarterContent/Maps/Minimal_Default.Minimal_Default_C' with ClassGeneratedBy '/Game/StarterContent/Maps/Minimal_Default.Minimal_Default:PersistentLevel.Minimal_Default'
[2017.10.18-18.05.36:767][294]Cmd: DELETE
[2017.10.18-18.05.36:767][294]Cmd: ACTOR DELETE
[2017.10.18-18.05.36:767][294]LogEditorActor: Deleted Actor: PointLight
[2017.10.18-18.05.36:839][294]LogEditorActor: Deleted 1 Actors (0.072 secs)
[2017.10.18-18.06.34:724][737]LogTemp: Repeating last play command: Selected Viewport
[2017.10.18-18.06.34:758][737]LogBlueprintUserMessages: Early PlayInEditor Detection: Level '/Game/StarterContent/Maps/Minimal_Default.Minimal_Default:PersistentLevel' has LevelScriptBlueprint '/Game/StarterContent/Maps/Minimal_Default.Minimal_Default:PersistentLevel.Minimal_Default' with GeneratedClass '/Game/StarterContent/Maps/Minimal_Default.Minimal_Default_C' with ClassGeneratedBy '/Game/StarterContent/Maps/Minimal_Default.Minimal_Default:PersistentLevel.Minimal_Default'
[2017.10.18-18.06.34:758][737]LogPlayLevel: PlayLevel: No blueprints needed recompiling
[2017.10.18-18.06.34:758][737]PIE: New page: PIE session: Minimal_Default (Oct 18, 2017, 10:06:34 AM)
[2017.10.18-18.06.34:758][737]LogPlayLevel: Creating play world package: /Game/StarterContent/Maps/UEDPIE_0_Minimal_Default
[2017.10.18-18.06.34:768][737]LogPlayLevel: PIE: StaticDuplicateObject took: (0.009095s)
[2017.10.18-18.06.34:770][737]LogAIModule: Creating AISystem for world Minimal_Default
[2017.10.18-18.06.34:770][737]LogPlayLevel: PIE: World Init took: (0.002272s)
[2017.10.18-18.06.34:771][737]LogPlayLevel: PIE: Created PIE world by copying editor world from /Game/StarterContent/Maps/Minimal_Default.Minimal_Default to /Game/StarterContent/Maps/UEDPIE_0_Minimal_Default.Minimal_Default (0.012094s)
[2017.10.18-18.06.34:827][737]LogInit: XAudio2 using 'Speakers (Realtek High Definition Audio)' : 2 channels at 48 kHz using 32 bits per sample (channel mask 0x3)
[2017.10.18-18.06.34:839][737]LogInit: FAudioDevice initialized.
[2017.10.18-18.06.34:873][737]LogLoad: Game class is 'GameModeBase'
[2017.10.18-18.06.34:877][737]LogWorld: Bringing World /Game/StarterContent/Maps/UEDPIE_0_Minimal_Default.Minimal_Default up for play (max tick rate 0) at 2017.10.18-14.06.34
[2017.10.18-18.06.34:878][737]LogWorld: Bringing up level for play took: 0.003736
[2017.10.18-18.06.34:881][737]PIE: Play in editor start time for /Game/StarterContent/Maps/UEDPIE_0_Minimal_Default -0.528
[2017.10.18-18.06.34:881][737]LogBlueprintUserMessages: Late PlayInEditor Detection: Level '/Game/StarterContent/Maps/Minimal_Default.Minimal_Default:PersistentLevel' has LevelScriptBlueprint '/Game/StarterContent/Maps/Minimal_Default.Minimal_Default:PersistentLevel.Minimal_Default' with GeneratedClass '/Game/StarterContent/Maps/Minimal_Default.Minimal_Default_C' with ClassGeneratedBy '/Game/StarterContent/Maps/Minimal_Default.Minimal_Default:PersistentLevel.Minimal_Default'
[2017.10.18-18.06.50:646][329]LogBlueprintUserMessages: Early EndPlayMap Detection: Level '/Game/StarterContent/Maps/Minimal_Default.Minimal_Default:PersistentLevel' has LevelScriptBlueprint '/Game/StarterContent/Maps/Minimal_Default.Minimal_Default:PersistentLevel.Minimal_Default' with GeneratedClass '/Game/StarterContent/Maps/Minimal_Default.Minimal_Default_C' with ClassGeneratedBy '/Game/StarterContent/Maps/Minimal_Default.Minimal_Default:PersistentLevel.Minimal_Default'
[2017.10.18-18.06.50:699][329]LogBlueprintUserMessages: Late EndPlayMap Detection: Level '/Game/StarterContent/Maps/Minimal_Default.Minimal_Default:PersistentLevel' has LevelScriptBlueprint '/Game/StarterContent/Maps/Minimal_Default.Minimal_Default:PersistentLevel.Minimal_Default' with GeneratedClass '/Game/StarterContent/Maps/Minimal_Default.Minimal_Default_C' with ClassGeneratedBy '/Game/StarterContent/Maps/Minimal_Default.Minimal_Default:PersistentLevel.Minimal_Default'
[2017.10.18-18.06.52:471][439]LogEditorViewport: Clicking on Actor (LMB): StaticMeshActor (Drop_Pod_Hangar_Skybox2)
[2017.10.18-18.06.53:375][512]LogEditorViewport: Clicking on Actor (LMB): StaticMeshActor (Drop_Pod_Hangar_Door2)
[2017.10.18-18.06.54:665][622]LogEditorViewport: Clicking on Actor (LMB): StaticMeshActor (justHangar3)
[2017.10.18-18.07.04:427][543]LogEditorViewport: Clicking on Actor (LMB): StaticMeshActor (Drop_Pod_Hangar_Door_Frame2)
[2017.10.18-18.07.26:147][806]LogEditorViewport: Clicking on Actor (LMB): StaticMeshActor (Drop_Pod_Hangar_glowy_thing_top2)
[2017.10.18-18.07.26:673][835]LogEditorViewport: Clicking on Actor (LMB): PointLight (PointLight4)
[2017.10.18-18.07.35:545][395]LogEditorViewport: Clicking on Actor (LMB): PointLight (PointLight2)
[2017.10.18-18.07.38:944][614]LogEditorViewport: Clicking on Actor (LMB): PointLight (PointLight4)
[2017.10.18-18.07.41:058][730]Cmd: DELETE
[2017.10.18-18.07.41:058][730]Cmd: ACTOR DELETE
[2017.10.18-18.07.41:059][730]LogEditorActor: Deleted Actor: PointLight
[2017.10.18-18.07.41:134][730]LogEditorActor: Deleted 1 Actors (0.076 secs)
[2017.10.18-18.07.43:598][894]LogEditorViewport: Clicking on Actor (LMB): PointLight (PointLight4)
[2017.10.18-18.07.46:483][ 87]LogEditorViewport: Clicking on Actor (LMB): PointLight (PointLight)
[2017.10.18-18.07.48:738][237]LogEditorViewport: Clicking on Actor (LMB): StaticMeshActor (Drop_Pod_Hangar_glowy_thing_top2)
[2017.10.18-18.07.49:395][275]LogEditorViewport: Clicking on Actor (LMB): StaticMeshActor (Drop_Pod_Hangar_glowy_thing_top2)
[2017.10.18-18.07.52:773][490]LogEditorViewport: Clicking on Actor (LMB): PointLight (PointLight3)
[2017.10.18-18.07.57:402][784]LogEditorViewport: Clicking on Actor (LMB): PointLight (PointLight)
[2017.10.18-18.07.59:640][920]LogEditorViewport: Clicking on Actor (LMB): PointLight (PointLight3)
[2017.10.18-18.08.06:886][388]LogEditorViewport: Clicking on Actor (LMB): PointLight (PointLight)
[2017.10.18-18.08.12:596][769]LogEditorViewport: Clicking on Actor (LMB): StaticMeshActor (Drop_Pod_Hangar_glowy_thing_top2)
[2017.10.18-18.08.13:354][818]LogEditorViewport: Clicking on Actor (LMB): StaticMeshActor (Drop_Pod_Hangar_glowy_thing_top2)
[2017.10.18-18.08.13:730][843]LogEditorViewport: Clicking on Actor (LMB): StaticMeshActor (justHangar3)
[2017.10.18-18.08.15:524][973]LogEditorViewport: Clicking on Actor (LMB): PointLight (PointLight5)
[2017.10.18-18.08.18:644][208]Cmd: TRANSACTION UNDO
[2017.10.18-18.08.18:644][208]LogEditorTransaction: Undo Move Actors
[2017.10.18-18.08.37:412][359]LogEditorViewport: Clicking on Actor (LMB): PointLight (PointLight5)
[2017.10.18-18.08.44:486][852]LogEditorViewport: Clicking on Actor (LMB): PointLight (PointLight6)
[2017.10.18-18.08.51:577][352]Cmd: TRANSACTION UNDO
[2017.10.18-18.08.51:577][352]LogEditorTransaction: Undo Move Actors
[2017.10.18-18.08.54:037][423]LogEditorViewport: Clicking on Actor (LMB): PointLight (PointLight3)
[2017.10.18-18.08.55:359][492]Cmd: CAMERA ALIGN ACTIVEVIEWPORTONLY
[2017.10.18-18.09.10:647][418]LogEditorViewport: Clicking on Actor (LMB): BP_Sky_Sphere_C (BP_Sky_Sphere)
[2017.10.18-18.09.14:782][658]LogTemp: Repeating last play command: Selected Viewport
[2017.10.18-18.09.14:820][658]LogBlueprintUserMessages: Early PlayInEditor Detection: Level '/Game/StarterContent/Maps/Minimal_Default.Minimal_Default:PersistentLevel' has LevelScriptBlueprint '/Game/StarterContent/Maps/Minimal_Default.Minimal_Default:PersistentLevel.Minimal_Default' with GeneratedClass '/Game/StarterContent/Maps/Minimal_Default.Minimal_Default_C' with ClassGeneratedBy '/Game/StarterContent/Maps/Minimal_Default.Minimal_Default:PersistentLevel.Minimal_Default'
[2017.10.18-18.09.14:820][658]LogPlayLevel: PlayLevel: No blueprints needed recompiling
[2017.10.18-18.09.14:821][658]PIE: New page: PIE session: Minimal_Default (Oct 18, 2017, 10:09:14 AM)
[2017.10.18-18.09.14:821][658]LogPlayLevel: Creating play world package: /Game/StarterContent/Maps/UEDPIE_0_Minimal_Default
[2017.10.18-18.09.14:829][658]LogPlayLevel: PIE: StaticDuplicateObject took: (0.008056s)
[2017.10.18-18.09.14:831][658]LogAIModule: Creating AISystem for world Minimal_Default
[2017.10.18-18.09.14:831][658]LogPlayLevel: PIE: World Init took: (0.002106s)
[2017.10.18-18.09.14:832][658]LogPlayLevel: PIE: Created PIE world by copying editor world from /Game/StarterContent/Maps/Minimal_Default.Minimal_Default to /Game/StarterContent/Maps/UEDPIE_0_Minimal_Default.Minimal_Default (0.010882s)
[2017.10.18-18.09.14:893][658]LogInit: XAudio2 using 'Speakers (Realtek High Definition Audio)' : 2 channels at 48 kHz using 32 bits per sample (channel mask 0x3)
[2017.10.18-18.09.14:906][658]LogInit: FAudioDevice initialized.
[2017.10.18-18.09.14:936][658]LogLoad: Game class is 'GameModeBase'
[2017.10.18-18.09.14:940][658]LogWorld: Bringing World /Game/StarterContent/Maps/UEDPIE_0_Minimal_Default.Minimal_Default up for play (max tick rate 0) at 2017.10.18-14.09.14
[2017.10.18-18.09.14:941][658]LogWorld: Bringing up level for play took: 0.003654
[2017.10.18-18.09.14:944][658]PIE: Play in editor start time for /Game/StarterContent/Maps/UEDPIE_0_Minimal_Default -0.66
[2017.10.18-18.09.14:944][658]LogBlueprintUserMessages: Late PlayInEditor Detection: Level '/Game/StarterContent/Maps/Minimal_Default.Minimal_Default:PersistentLevel' has LevelScriptBlueprint '/Game/StarterContent/Maps/Minimal_Default.Minimal_Default:PersistentLevel.Minimal_Default' with GeneratedClass '/Game/StarterContent/Maps/Minimal_Default.Minimal_Default_C' with ClassGeneratedBy '/Game/StarterContent/Maps/Minimal_Default.Minimal_Default:PersistentLevel.Minimal_Default'
[2017.10.18-18.09.29:845][ 72]LogBlueprintUserMessages: Early EndPlayMap Detection: Level '/Game/StarterContent/Maps/Minimal_Default.Minimal_Default:PersistentLevel' has LevelScriptBlueprint '/Game/StarterContent/Maps/Minimal_Default.Minimal_Default:PersistentLevel.Minimal_Default' with GeneratedClass '/Game/StarterContent/Maps/Minimal_Default.Minimal_Default_C' with ClassGeneratedBy '/Game/StarterContent/Maps/Minimal_Default.Minimal_Default:PersistentLevel.Minimal_Default'
[2017.10.18-18.09.29:891][ 72]LogBlueprintUserMessages: Late EndPlayMap Detection: Level '/Game/StarterContent/Maps/Minimal_Default.Minimal_Default:PersistentLevel' has LevelScriptBlueprint '/Game/StarterContent/Maps/Minimal_Default.Minimal_Default:PersistentLevel.Minimal_Default' with GeneratedClass '/Game/StarterContent/Maps/Minimal_Default.Minimal_Default_C' with ClassGeneratedBy '/Game/StarterContent/Maps/Minimal_Default.Minimal_Default:PersistentLevel.Minimal_Default'
[2017.10.18-18.09.34:822][382]LogEditorViewport: Clicking on Actor (LMB): StaticMeshActor (Pod_and_marine_PodBody_prime_Door_transform6_transform7_transform8_transform9_transform10_prime_Door_prime_Door_prime_Door_prime_Door)
[2017.10.18-18.09.53:887][657]LogEditorViewport: Clicking on Actor (LMB): StaticMeshActor (Pod_and_marine_PodBody_pCylinder8)
[2017.10.18-18.09.55:030][732]LogEditorViewport: Clicking on Actor (LMB): StaticMeshActor (Pod_and_marine_prime_Frame_PodBody_prime_Frame1_prime_Frame3_prime_Frame2_prime_Frame4)
[2017.10.18-18.10.13:546][727]Cmd: CAMERA ALIGN ACTIVEVIEWPORTONLY
[2017.10.18-18.10.41:887][532]LogTemp: Repeating last play command: Selected Viewport
[2017.10.18-18.10.41:916][532]LogBlueprintUserMessages: Early PlayInEditor Detection: Level '/Game/StarterContent/Maps/Minimal_Default.Minimal_Default:PersistentLevel' has LevelScriptBlueprint '/Game/StarterContent/Maps/Minimal_Default.Minimal_Default:PersistentLevel.Minimal_Default' with GeneratedClass '/Game/StarterContent/Maps/Minimal_Default.Minimal_Default_C' with ClassGeneratedBy '/Game/StarterContent/Maps/Minimal_Default.Minimal_Default:PersistentLevel.Minimal_Default'
[2017.10.18-18.10.41:916][532]LogPlayLevel: PlayLevel: No blueprints needed recompiling
[2017.10.18-18.10.41:917][532]PIE: New page: PIE session: Minimal_Default (Oct 18, 2017, 10:10:41 AM)
[2017.10.18-18.10.41:917][532]LogPlayLevel: Creating play world package: /Game/StarterContent/Maps/UEDPIE_0_Minimal_Default
[2017.10.18-18.10.41:925][532]LogPlayLevel: PIE: StaticDuplicateObject took: (0.007947s)
[2017.10.18-18.10.41:926][532]LogAIModule: Creating AISystem for world Minimal_Default
[2017.10.18-18.10.41:927][532]LogPlayLevel: PIE: World Init took: (0.001768s)
[2017.10.18-18.10.41:927][532]LogPlayLevel: PIE: Created PIE world by copying editor world from /Game/StarterContent/Maps/Minimal_Default.Minimal_Default to /Game/StarterContent/Maps/UEDPIE_0_Minimal_Default.Minimal_Default (0.010233s)
[2017.10.18-18.10.41:991][532]LogInit: XAudio2 using 'Speakers (Realtek High Definition Audio)' : 2 channels at 48 kHz using 32 bits per sample (channel mask 0x3)
[2017.10.18-18.10.42:004][532]LogInit: FAudioDevice initialized.
[2017.10.18-18.10.42:038][532]LogLoad: Game class is 'GameModeBase'
[2017.10.18-18.10.42:043][532]LogWorld: Bringing World /Game/StarterContent/Maps/UEDPIE_0_Minimal_Default.Minimal_Default up for play (max tick rate 0) at 2017.10.18-14.10.42
[2017.10.18-18.10.42:043][532]LogWorld: Bringing up level for play took: 0.003589
[2017.10.18-18.10.42:046][532]PIE: Play in editor start time for /Game/StarterContent/Maps/UEDPIE_0_Minimal_Default 0.393
[2017.10.18-18.10.42:046][532]LogBlueprintUserMessages: Late PlayInEditor Detection: Level '/Game/StarterContent/Maps/Minimal_Default.Minimal_Default:PersistentLevel' has LevelScriptBlueprint '/Game/StarterContent/Maps/Minimal_Default.Minimal_Default:PersistentLevel.Minimal_Default' with GeneratedClass '/Game/StarterContent/Maps/Minimal_Default.Minimal_Default_C' with ClassGeneratedBy '/Game/StarterContent/Maps/Minimal_Default.Minimal_Default:PersistentLevel.Minimal_Default'
[2017.10.18-18.10.49:126][161]LogBlueprintUserMessages: Early EndPlayMap Detection: Level '/Game/StarterContent/Maps/Minimal_Default.Minimal_Default:PersistentLevel' has LevelScriptBlueprint '/Game/StarterContent/Maps/Minimal_Default.Minimal_Default:PersistentLevel.Minimal_Default' with GeneratedClass '/Game/StarterContent/Maps/Minimal_Default.Minimal_Default_C' with ClassGeneratedBy '/Game/StarterContent/Maps/Minimal_Default.Minimal_Default:PersistentLevel.Minimal_Default'
[2017.10.18-18.10.49:191][161]LogBlueprintUserMessages: Late EndPlayMap Detection: Level '/Game/StarterContent/Maps/Minimal_Default.Minimal_Default:PersistentLevel' has LevelScriptBlueprint '/Game/StarterContent/Maps/Minimal_Default.Minimal_Default:PersistentLevel.Minimal_Default' with GeneratedClass '/Game/StarterContent/Maps/Minimal_Default.Minimal_Default_C' with ClassGeneratedBy '/Game/StarterContent/Maps/Minimal_Default.Minimal_Default:PersistentLevel.Minimal_Default'
[2017.10.18-18.10.50:111][193]MapCheck: New page: Map Check
[2017.10.18-18.10.50:158][193]Cmd: MAP REBUILD ALLVISIBLE
[2017.10.18-18.10.50:159][193]LogEditorServer: Rebuildmap Clear paths rebuilt
[2017.10.18-18.10.50:338][193]LogMaterial: Missing cached shader map for material FDebugViewModeMaterialProxy WorldGridMaterial, compiling. Is special engine material.
[2017.10.18-18.10.50:348][193]LogMaterial: Missing cached shader map for material FDebugViewModeMaterialProxy MaterialInstanceDynamic_2, compiling. 
[2017.10.18-18.10.50:359][193]LogMaterial: Missing cached shader map for material FDebugViewModeMaterialProxy initialShadingGroup, compiling. 
[2017.10.18-18.10.50:376][193]LogMaterial: Missing cached shader map for material FDebugViewModeMaterialProxy blinn1SG, compiling. 
[2017.10.18-18.10.50:395][193]LogMaterial: Missing cached shader map for material FDebugViewModeMaterialProxy blinn3SG, compiling. 
[2017.10.18-18.10.50:417][193]LogMaterial: Missing cached shader map for material FDebugViewModeMaterialProxy blinn4SG, compiling. 
[2017.10.18-18.10.50:436][193]LogMaterial: Missing cached shader map for material FDebugViewModeMaterialProxy PodBody_BaseMat, compiling. 
[2017.10.18-18.10.50:448][193]LogMaterial: Missing cached shader map for material FDebugViewModeMaterialProxy PodBody_pCylinder1Mat, compiling. 
[2017.10.18-18.10.50:459][193]LogMaterial: Missing cached shader map for material FDebugViewModeMaterialProxy PodBody_pCylinder14_pCylinder10_pCylinder11_pCylinder12_pCylinder13Mat, compiling. 
[2017.10.18-18.10.50:470][193]LogMaterial: Missing cached shader map for material FDebugViewModeMaterialProxy PodBody_pCylinder3Mat, compiling. 
[2017.10.18-18.10.50:483][193]LogMaterial: Missing cached shader map for material FDebugViewModeMaterialProxy PodBody_pCylinder8Mat, compiling. 
[2017.10.18-18.10.50:495][193]LogMaterial: Missing cached shader map for material FDebugViewModeMaterialProxy PodBody_prime_Door_transform6_transform7_transform8_transform9_transform10_prime_Door_prime_Door_prime_Door_prime_DoorMat, compiling. 
[2017.10.18-18.10.50:506][193]LogMaterial: Missing cached shader map for material FDebugViewModeMaterialProxy prime_Frame_PodBody_prime_Frame1_prime_Frame3_prime_Frame2_prime_Frame4Mat, compiling. 
[2017.10.18-18.10.50:517][193]LogMaterial: Missing cached shader map for material FDebugViewModeMaterialProxy HangarMat, compiling. 
[2017.10.18-18.10.51:201][193]TextureStreamingBuild: Display: Compiling optional shaders took 0.871 seconds.
[2017.10.18-18.10.51:208][193]LogLevel: Display: Export Material TexCoord Scales took 0.007 seconds.
[2017.10.18-18.10.51:220][193]TextureStreamingBuild: Display: Build Texture Streaming took 0.012 seconds.
[2017.10.18-18.10.51:275][193]LightingResults: New page: Lighting Build - Oct 18, 2017, 10:10:51 AM
[2017.10.18-18.10.51:285][193]LogSwarmInterface: [OpenConnection] Registering TCP channel ...
[2017.10.18-18.10.51:314][193]LogSwarmInterface: [OpenConnection] Connecting to agent ...
[2017.10.18-18.10.51:314][193]LogSwarmInterface: [TryOpenConnection] Testing the Agent
[2017.10.18-18.10.51:315][193]LogSwarmInterface: [TryOpenConnection] Opening Connection to Agent
[2017.10.18-18.10.51:315][193]LogSwarmInterface: [TryOpenConnection] Local Process ID is 369856
[2017.10.18-18.10.55:960][193]LogStaticLightingSystem: Warning: No importance volume found, so the scene bounding box was used.  You can optimize your scene's quality and lighting build times by adding importance volumes.
[2017.10.18-18.10.55:960][193]LogStaticLightingSystem: Running Lightmass w/ ImmediateImport mode ENABLED
[2017.10.18-18.10.55:960][193]LogStaticLightingSystem: Running Lightmass w/ ImmediateProcess mode ENABLED
[2017.10.18-18.10.55:960][193]LogStaticLightingSystem: Running Lightmass w/ Sorting mode ENABLED
[2017.10.18-18.10.55:960][193]LogStaticLightingSystem: Running Lightmass w/ Mapping paddings ENABLED
[2017.10.18-18.10.55:960][193]LogStaticLightingSystem: Running Lightmass w/ Mapping debug paddings DISABLED
[2017.10.18-18.10.56:469][193]Cmd: MAP CHECK DONTDISPLAYDIALOG
[2017.10.18-18.10.56:470][193]MapCheck: New page: Minimal_Default - Oct 18, 2017, 10:10:56 AM
[2017.10.18-18.10.56:471][193]MapCheck: Error: WorldSettings_1 Maps need lighting rebuilt 
[2017.10.18-18.10.56:570][193]MapCheck: Map check complete: 1 Error(s), 0 Warning(s), took 100.483ms to complete.
[2017.10.18-18.10.56:593][193]LogEditorBuildUtils: Build time 0:06
[2017.10.18-18.10.56:728][194]LogMaterial: Missing cached shader map for material FLightmassMaterialRenderer HangarMat, compiling. 
[2017.10.18-18.10.56:747][194]LogMaterial: Missing cached shader map for material FLightmassMaterialRenderer HangarMat, compiling. 
[2017.10.18-18.11.01:449][271]LightingResults: Warning: Pod_and_marine_PodBody_pCylinder14_pCylinder10_pCylinder11_pCylinder12_pCylinder13 Object has overlapping UVs.
[2017.10.18-18.11.01:449][271]LightingResults: Pod_and_marine_PodBody_pCylinder14_pCylinder10_pCylinder11_pCylinder12_pCylinder13 Lightmap UV are overlapping by 1.2%. Please adjust content - Enable Error Coloring to visualize.
[2017.10.18-18.11.01:449][271]LightingResults: Warning: Pod_and_marine_PodBody_pCylinder8 Object has overlapping UVs.
[2017.10.18-18.11.01:449][271]LightingResults: Pod_and_marine_PodBody_pCylinder8 Lightmap UV are overlapping by 3.3%. Please adjust content - Enable Error Coloring to visualize.
[2017.10.18-18.11.01:827][279]Job is a success!
[2017.10.18-18.11.01:998][280]LightingResults: Error: PointLight4 Severe performance loss: Failed to allocate shadowmap channel for stationary light due to overlap - light will fall back to dynamic shadows!
[2017.10.18-18.11.01:998][280]LightingResults: Error: PointLight5 Severe performance loss: Failed to allocate shadowmap channel for stationary light due to overlap - light will fall back to dynamic shadows!
[2017.10.18-18.11.01:998][280]LightingResults: Error: PointLight6 Severe performance loss: Failed to allocate shadowmap channel for stationary light due to overlap - light will fall back to dynamic shadows!
[2017.10.18-18.11.01:999][280]LightingResults: Error: SpotLight_2 Severe performance loss: Failed to allocate shadowmap channel for stationary light due to overlap - light will fall back to dynamic shadows!
[2017.10.18-18.11.02:136][280]LogTexture: Display: Building textures: HQ_Lightmap0_1 (AutoDXT, 512X512)
[2017.10.18-18.11.02:136][280]LogTexture: Display: Building textures: LQ_Lightmap_0_1 (DXT1, 512X512)
[2017.10.18-18.11.02:136][280]LogTexture: Display: Building textures: HQ_Lightmap0_2 (AutoDXT, 64X64)
[2017.10.18-18.11.02:136][280]LogTexture: Display: Building textures: LQ_Lightmap_0_2 (DXT1, 64X64)
[2017.10.18-18.11.02:136][280]LogTexture: Display: Building textures: ShadowMapTexture2D_3 (G8, 32X32)
[2017.10.18-18.11.02:136][280]LogTexture: Display: Building textures: ShadowMapTexture2D_2 (BGRA8, 1024X64)
[2017.10.18-18.11.02:202][280]Lightmass on A-C613-12: 3.51 sec total, 522 ms importing, 44 ms setup, 1.49 sec photons, 1.41 sec processing, 0 ms extra exporting [16/16 mappings]. Threads: 39.4 sec total, 4.95 sec processing.
[2017.10.18-18.11.02:211][280]LogStaticLightingSystem: Illumination: 10.8 sec (109 ms encoding lightmaps, 21 ms encoding shadowmaps)
[2017.10.18-18.11.02:211][280]LogStaticLightingSystem: Lightmap texture memory:  0.5 MB (0.5 MB streaming, 0.0 MB non-streaming), 4 textures
[2017.10.18-18.11.02:211][280]LogStaticLightingSystem: Shadowmap texture memory: 0.3 MB (0.3 MB streaming, 0.0 MB non-streaming), 2 textures
[2017.10.18-18.11.02:218][280]DumpUnbuiltLightIteractions
[2017.10.18-18.11.02:218][280]Lights with unbuilt interactions: 0
[2017.10.18-18.11.02:218][280]
[2017.10.18-18.11.02:218][280]Primitives with unbuilt interactions: 0
[2017.10.18-18.11.02:237][281]Cmd: MAP CHECK NOTIFYRESULTS
[2017.10.18-18.11.02:237][281]MapCheck: New page: Minimal_Default - Oct 18, 2017, 10:11:02 AM
[2017.10.18-18.11.02:312][281]MapCheck: Map check complete: 0 Error(s), 0 Warning(s), took 74.594ms to complete.
[2017.10.18-18.11.05:372][364]LogTemp: Repeating last play command: Selected Viewport
[2017.10.18-18.11.05:403][364]LogBlueprintUserMessages: Early PlayInEditor Detection: Level '/Game/StarterContent/Maps/Minimal_Default.Minimal_Default:PersistentLevel' has LevelScriptBlueprint '/Game/StarterContent/Maps/Minimal_Default.Minimal_Default:PersistentLevel.Minimal_Default' with GeneratedClass '/Game/StarterContent/Maps/Minimal_Default.Minimal_Default_C' with ClassGeneratedBy '/Game/StarterContent/Maps/Minimal_Default.Minimal_Default:PersistentLevel.Minimal_Default'
[2017.10.18-18.11.05:403][364]LogPlayLevel: PlayLevel: No blueprints needed recompiling
[2017.10.18-18.11.05:403][364]PIE: New page: PIE session: Minimal_Default (Oct 18, 2017, 10:11:05 AM)
[2017.10.18-18.11.05:403][364]LogPlayLevel: Creating play world package: /Game/StarterContent/Maps/UEDPIE_0_Minimal_Default
[2017.10.18-18.11.05:411][364]LogPlayLevel: PIE: StaticDuplicateObject took: (0.007290s)
[2017.10.18-18.11.05:412][364]LogAIModule: Creating AISystem for world Minimal_Default
[2017.10.18-18.11.05:413][364]LogPlayLevel: PIE: World Init took: (0.001904s)
[2017.10.18-18.11.05:413][364]LogPlayLevel: PIE: Created PIE world by copying editor world from /Game/StarterContent/Maps/Minimal_Default.Minimal_Default to /Game/StarterContent/Maps/UEDPIE_0_Minimal_Default.Minimal_Default (0.009605s)
[2017.10.18-18.11.05:469][364]LogInit: XAudio2 using 'Speakers (Realtek High Definition Audio)' : 2 channels at 48 kHz using 32 bits per sample (channel mask 0x3)
[2017.10.18-18.11.05:481][364]LogInit: FAudioDevice initialized.
[2017.10.18-18.11.05:514][364]LogLoad: Game class is 'GameModeBase'
[2017.10.18-18.11.05:517][364]LogWorld: Bringing World /Game/StarterContent/Maps/UEDPIE_0_Minimal_Default.Minimal_Default up for play (max tick rate 0) at 2017.10.18-14.11.05
[2017.10.18-18.11.05:517][364]LogWorld: Bringing up level for play took: 0.002459
[2017.10.18-18.11.05:519][364]PIE: Play in editor start time for /Game/StarterContent/Maps/UEDPIE_0_Minimal_Default -0.147
[2017.10.18-18.11.05:519][364]LogBlueprintUserMessages: Late PlayInEditor Detection: Level '/Game/StarterContent/Maps/Minimal_Default.Minimal_Default:PersistentLevel' has LevelScriptBlueprint '/Game/StarterContent/Maps/Minimal_Default.Minimal_Default:PersistentLevel.Minimal_Default' with GeneratedClass '/Game/StarterContent/Maps/Minimal_Default.Minimal_Default_C' with ClassGeneratedBy '/Game/StarterContent/Maps/Minimal_Default.Minimal_Default:PersistentLevel.Minimal_Default'
[2017.10.18-18.11.22:149][108]LogBlueprintUserMessages: Early EndPlayMap Detection: Level '/Game/StarterContent/Maps/Minimal_Default.Minimal_Default:PersistentLevel' has LevelScriptBlueprint '/Game/StarterContent/Maps/Minimal_Default.Minimal_Default:PersistentLevel.Minimal_Default' with GeneratedClass '/Game/StarterContent/Maps/Minimal_Default.Minimal_Default_C' with ClassGeneratedBy '/Game/StarterContent/Maps/Minimal_Default.Minimal_Default:PersistentLevel.Minimal_Default'
[2017.10.18-18.11.22:212][108]LogBlueprintUserMessages: Late EndPlayMap Detection: Level '/Game/StarterContent/Maps/Minimal_Default.Minimal_Default:PersistentLevel' has LevelScriptBlueprint '/Game/StarterContent/Maps/Minimal_Default.Minimal_Default:PersistentLevel.Minimal_Default' with GeneratedClass '/Game/StarterContent/Maps/Minimal_Default.Minimal_Default_C' with ClassGeneratedBy '/Game/StarterContent/Maps/Minimal_Default.Minimal_Default:PersistentLevel.Minimal_Default'
[2017.10.18-18.11.24:650][295]LogEditorViewport: Clicking on Actor (LMB): StaticMeshActor (Pod_and_marine_prime_Frame_PodBody_prime_Frame1_prime_Frame3_prime_Frame2_prime_Frame4)
[2017.10.18-18.11.36:710][265]LogEditorViewport: Clicking on Actor (LMB): SpotLight (SpotLight)
[2017.10.18-18.11.50:850][397]LogEditorViewport: Clicking on Actor (LMB): BP_Sky_Sphere_C (BP_Sky_Sphere)
[2017.10.18-18.11.51:654][461]LogEditorViewport: Clicking on Actor (LMB): StaticMeshActor (justHangar3)
[2017.10.18-18.11.51:791][462]LogEditorViewport: Clicking on Component (LMB): StaticMeshComponent (StaticMeshComponent0)
[2017.10.18-18.11.52:442][507]LogEditorViewport: Clicking on Actor (LMB): BP_Sky_Sphere_C (BP_Sky_Sphere)
[2017.10.18-18.12.11:007][318]LogSavePackage: Save=25.56ms
[2017.10.18-18.12.11:007][318]LogSavePackage: Moving '../../../../Unreal-Interactive/UnrealInteractive/Saved/Pod_and_marine_prime_Frame_PodBody_prime_Frame1_prime_Frame3_prime_Frame2_prime_Frame488B139DE4BD64E174033699080F0F1A1.tmp' to '../../../../Unreal-Interactive/UnrealInteractive/Content/Mehses/Pod_and_marine_prime_Frame_PodBody_prime_Frame1_prime_Frame3_prime_Frame2_prime_Frame4.uasset'
[2017.10.18-18.12.11:010][318]LogSavePackage: Display: Finished SavePackage ../../../../Unreal-Interactive/UnrealInteractive/Content/Mehses/Pod_and_marine_prime_Frame_PodBody_prime_Frame1_prime_Frame3_prime_Frame2_prime_Frame4.uasset
[2017.10.18-18.12.13:337][434]LogEditorViewport: Clicking on Actor (LMB): StaticMeshActor (Pod_and_marine_PodBody_prime_Door_transform6_transform7_transform8_transform9_transform10_prime_Door_prime_Door_prime_Door_prime_Door)
[2017.10.18-18.12.37:266][340]LogSavePackage: Save=25.48ms
[2017.10.18-18.12.37:266][340]LogSavePackage: Moving '../../../../Unreal-Interactive/UnrealInteractive/Saved/Pod_and_marine_PodBody_prime_Door_transform6_transform7_transform8_transform9_transform10_prime_Door_prime_Door_prime_Door_prime_DoorB258A0B54F3280614763F9A47ED4484C.tmp' to '../../../../Unreal-Interactive/UnrealInteractive/Content/Mehses/Pod_and_marine_PodBody_prime_Door_transform6_transform7_transform8_transform9_transform10_prime_Door_prime_Door_prime_Door_prime_Door.uasset'
[2017.10.18-18.12.37:269][340]LogSavePackage: Display: Finished SavePackage ../../../../Unreal-Interactive/UnrealInteractive/Content/Mehses/Pod_and_marine_PodBody_prime_Door_transform6_transform7_transform8_transform9_transform10_prime_Door_prime_Door_prime_Door_prime_Door.uasset
[2017.10.18-18.12.40:916][534]LogTemp: Repeating last play command: Selected Viewport
[2017.10.18-18.12.40:945][534]LogBlueprintUserMessages: Early PlayInEditor Detection: Level '/Game/StarterContent/Maps/Minimal_Default.Minimal_Default:PersistentLevel' has LevelScriptBlueprint '/Game/StarterContent/Maps/Minimal_Default.Minimal_Default:PersistentLevel.Minimal_Default' with GeneratedClass '/Game/StarterContent/Maps/Minimal_Default.Minimal_Default_C' with ClassGeneratedBy '/Game/StarterContent/Maps/Minimal_Default.Minimal_Default:PersistentLevel.Minimal_Default'
[2017.10.18-18.12.40:945][534]LogPlayLevel: PlayLevel: No blueprints needed recompiling
[2017.10.18-18.12.40:945][534]PIE: New page: PIE session: Minimal_Default (Oct 18, 2017, 10:12:40 AM)
[2017.10.18-18.12.40:946][534]LogPlayLevel: Creating play world package: /Game/StarterContent/Maps/UEDPIE_0_Minimal_Default
[2017.10.18-18.12.40:954][534]LogPlayLevel: PIE: StaticDuplicateObject took: (0.008800s)
[2017.10.18-18.12.40:956][534]LogAIModule: Creating AISystem for world Minimal_Default
[2017.10.18-18.12.40:956][534]LogPlayLevel: PIE: World Init took: (0.001288s)
[2017.10.18-18.12.40:956][534]LogPlayLevel: PIE: Created PIE world by copying editor world from /Game/StarterContent/Maps/Minimal_Default.Minimal_Default to /Game/StarterContent/Maps/UEDPIE_0_Minimal_Default.Minimal_Default (0.010518s)
[2017.10.18-18.12.41:021][534]LogInit: XAudio2 using 'Speakers (Realtek High Definition Audio)' : 2 channels at 48 kHz using 32 bits per sample (channel mask 0x3)
[2017.10.18-18.12.41:033][534]LogInit: FAudioDevice initialized.
[2017.10.18-18.12.41:069][534]LogLoad: Game class is 'GameModeBase'
[2017.10.18-18.12.41:073][534]LogWorld: Bringing World /Game/StarterContent/Maps/UEDPIE_0_Minimal_Default.Minimal_Default up for play (max tick rate 0) at 2017.10.18-14.12.41
[2017.10.18-18.12.41:073][534]LogWorld: Bringing up level for play took: 0.003535
[2017.10.18-18.12.41:076][534]PIE: Play in editor start time for /Game/StarterContent/Maps/UEDPIE_0_Minimal_Default -0.645
[2017.10.18-18.12.41:076][534]LogBlueprintUserMessages: Late PlayInEditor Detection: Level '/Game/StarterContent/Maps/Minimal_Default.Minimal_Default:PersistentLevel' has LevelScriptBlueprint '/Game/StarterContent/Maps/Minimal_Default.Minimal_Default:PersistentLevel.Minimal_Default' with GeneratedClass '/Game/StarterContent/Maps/Minimal_Default.Minimal_Default_C' with ClassGeneratedBy '/Game/StarterContent/Maps/Minimal_Default.Minimal_Default:PersistentLevel.Minimal_Default'
[2017.10.18-18.12.54:352][925]LogBlueprintUserMessages: Early EndPlayMap Detection: Level '/Game/StarterContent/Maps/Minimal_Default.Minimal_Default:PersistentLevel' has LevelScriptBlueprint '/Game/StarterContent/Maps/Minimal_Default.Minimal_Default:PersistentLevel.Minimal_Default' with GeneratedClass '/Game/StarterContent/Maps/Minimal_Default.Minimal_Default_C' with ClassGeneratedBy '/Game/StarterContent/Maps/Minimal_Default.Minimal_Default:PersistentLevel.Minimal_Default'
[2017.10.18-18.12.54:411][925]LogBlueprintUserMessages: Late EndPlayMap Detection: Level '/Game/StarterContent/Maps/Minimal_Default.Minimal_Default:PersistentLevel' has LevelScriptBlueprint '/Game/StarterContent/Maps/Minimal_Default.Minimal_Default:PersistentLevel.Minimal_Default' with GeneratedClass '/Game/StarterContent/Maps/Minimal_Default.Minimal_Default_C' with ClassGeneratedBy '/Game/StarterContent/Maps/Minimal_Default.Minimal_Default:PersistentLevel.Minimal_Default'
[2017.10.18-18.12.57:426][128]LogEditorViewport: Clicking on Actor (LMB): StaticMeshActor (Pod_and_marine_PodBody_pCylinder8)
[2017.10.18-18.13.03:990][617]Cmd: CAMERA ALIGN ACTIVEVIEWPORTONLY
[2017.10.18-18.13.18:375][696]LogEditorViewport: Clicking on Actor (LMB): StaticMeshActor (Pod_and_marine_PodBody_pCylinder8)
[2017.10.18-18.13.43:605][668]Cmd: CAMERA ALIGN ACTIVEVIEWPORTONLY
[2017.10.18-18.14.32:448][497]LogEditorViewport: Clicking on Actor (LMB): StaticMeshActor (Pod_and_marine_PodBody_pCylinder9)
[2017.10.18-18.14.41:826][173]LogEditorViewport: Clicking on Actor (LMB): StaticMeshActor (justHangar3)
[2017.10.18-18.14.42:615][221]LogEditorViewport: Clicking on Actor (LMB): StaticMeshActor (justHangar3)
[2017.10.18-18.14.43:043][250]LogEditorViewport: Clicking on Actor (LMB): StaticMeshActor (Pod_and_marine_PodBody_pCylinder10)
[2017.10.18-18.14.52:881][998]Cmd: CAMERA ALIGN ACTIVEVIEWPORTONLY
[2017.10.18-18.15.32:181][ 32]LogSavePackage: Save=371.73ms
[2017.10.18-18.15.32:181][ 32]LogSavePackage: Moving '../../../../Unreal-Interactive/UnrealInteractive/Saved/Minimal_Default70F40B4C4D45868A24D83BB31EDA1400.tmp' to '../../../../Unreal-Interactive/UnrealInteractive/Content/StarterContent/Maps/Minimal_Default.umap'
[2017.10.18-18.15.32:185][ 32]LogSavePackage: Display: Finished SavePackage ../../../../Unreal-Interactive/UnrealInteractive/Content/StarterContent/Maps/Minimal_Default.umap
[2017.10.18-18.15.32:274][ 32]LogSavePackage: Save=53.16ms
[2017.10.18-18.15.32:274][ 32]LogSavePackage: Moving '../../../../Unreal-Interactive/UnrealInteractive/Saved/Minimal_Default_BuiltDataF6A3AB224FB7D464A2D9F187B27CB858.tmp' to '../../../../Unreal-Interactive/UnrealInteractive/Content/StarterContent/Maps/Minimal_Default_BuiltData.uasset'
[2017.10.18-18.15.32:278][ 32]LogSavePackage: Display: Finished SavePackage ../../../../Unreal-Interactive/UnrealInteractive/Content/StarterContent/Maps/Minimal_Default_BuiltData.uasset
[2017.10.18-18.25.31:908][793]LogFileHelpers: Editor autosave (incl. sublevels) for '/Game/StarterContent/Maps/Minimal_Default' took 0.063
[2017.10.18-18.25.31:910][793]OBJ SavePackage: Generating thumbnails for [0] asset(s) in package [/Game/Mehses/HangarMat] ([1] browsable assets)...
[2017.10.18-18.25.31:910][793]OBJ SavePackage: Finished generating thumbnails for package [/Game/Mehses/HangarMat]
[2017.10.18-18.25.31:910][793]Cmd: OBJ SAVEPACKAGE PACKAGE="/Game/Mehses/HangarMat" FILE="../../../../Unreal-Interactive/UnrealInteractive/Saved/Autosaves/Game/Mehses/HangarMat_Auto1.uasset" SILENT=false AUTOSAVING=true
[2017.10.18-18.25.31:918][793]LogSavePackage: Save=3.04ms
[2017.10.18-18.25.31:918][793]LogSavePackage: Moving '../../../../Unreal-Interactive/UnrealInteractive/Saved/HangarMat_Auto10F3FEB564765EE5CA8DD3C975FCAF46C.tmp' to '../../../../Unreal-Interactive/UnrealInteractive/Saved/Autosaves/Game/Mehses/HangarMat_Auto1.uasset'
[2017.10.18-18.25.31:919][793]LogSavePackage: Display: Finished SavePackage ../../../../Unreal-Interactive/UnrealInteractive/Saved/Autosaves/Game/Mehses/HangarMat_Auto1.uasset
[2017.10.18-18.25.31:919][793]LogFileHelpers: Auto-saving content packages took 0.010
[2017.10.18-19.31.41:545][259]LogEditorViewport: Clicking on Actor (LMB): StaticMeshActor (Pod_and_marine_PodBody_pCylinder12)
[2017.10.18-19.31.42:523][332]LogEditorViewport: Clicking on Actor (LMB): StaticMeshActor (justHangar3)
[2017.10.18-19.31.43:136][365]LogEditorViewport: Clicking on Actor (LMB): StaticMeshActor (Pod_and_marine_PodBody_pCylinder12)
[2017.10.18-19.31.53:400][167]Cmd: TRANSACTION UNDO
[2017.10.18-19.31.53:400][167]LogEditorTransaction: Undo Move Actors
[2017.10.18-19.32.07:648][172]LogEditorViewport: Clicking on Actor (LMB): StaticMeshActor (Pod_and_marine_PodBody_pCylinder12)
[2017.10.18-19.33.20:995][187]LogSavePackage: Save=296.01ms
[2017.10.18-19.33.20:995][187]LogSavePackage: Moving '../../../../Unreal-Interactive/UnrealInteractive/Saved/Minimal_Default6EFB97A94033A7EAE6780B886EED8B14.tmp' to '../../../../Unreal-Interactive/UnrealInteractive/Content/StarterContent/Maps/Minimal_Default.umap'
[2017.10.18-19.33.20:998][187]LogSavePackage: Display: Finished SavePackage ../../../../Unreal-Interactive/UnrealInteractive/Content/StarterContent/Maps/Minimal_Default.umap
[2017.10.18-19.33.21:084][187]LogSavePackage: Save=53.54ms
[2017.10.18-19.33.21:084][187]LogSavePackage: Moving '../../../../Unreal-Interactive/UnrealInteractive/Saved/Minimal_Default_BuiltDataE64B0ED949EB94A6B3C1DBBF8E4E0237.tmp' to '../../../../Unreal-Interactive/UnrealInteractive/Content/StarterContent/Maps/Minimal_Default_BuiltData.uasset'
[2017.10.18-19.33.21:085][187]LogSavePackage: Display: Finished SavePackage ../../../../Unreal-Interactive/UnrealInteractive/Content/StarterContent/Maps/Minimal_Default_BuiltData.uasset
